{"name": "Register with mandatory fields", "status": "broken", "statusDetails": {"message": "selenium.common.exceptions.NoSuchElementException: Message: no such element: Unable to locate element: {\"method\":\"xpath\",\"selector\":\"//a[@data-csa-c-content-id='nav_ya_signin']\"}\n  (Session info: chrome=116.0.5845.111); For documentation on this error, please visit: https://www.selenium.dev/documentation/webdriver/troubleshooting/errors#no-such-element-exception\nStacktrace:\n\tGetHandleVerifier [0x00007FF77B6852A2+57122]\n\t(No symbol) [0x00007FF77B5FEA92]\n\t(No symbol) [0x00007FF77B4CE3AB]\n\t(No symbol) [0x00007FF77B507D3E]\n\t(No symbol) [0x00007FF77B507E2C]\n\t(No symbol) [0x00007FF77B540B67]\n\t(No symbol) [0x00007FF77B52701F]\n\t(No symbol) [0x00007FF77B53EB82]\n\t(No symbol) [0x00007FF77B526DB3]\n\t(No symbol) [0x00007FF77B4FD2B1]\n\t(No symbol) [0x00007FF77B4FE494]\n\tGetHandleVerifier [0x00007FF77B92EF82+2849794]\n\tGetHandleVerifier [0x00007FF77B981D24+3189156]\n\tGetHandleVerifier [0x00007FF77B97ACAF+3160367]\n\tGetHandleVerifier [0x00007FF77B716D06+653702]\n\t(No symbol) [0x00007FF77B60A208]\n\t(No symbol) [0x00007FF77B6062C4]\n\t(No symbol) [0x00007FF77B6063F6]\n\t(No symbol) [0x00007FF77B5F67A3]\n\tBaseThreadInitThunk [0x00007FFE43FE7614+20]\n\tRtlUserThreadStart [0x00007FFE45E826B1+33]\n\n", "trace": "  File \"C:\\Users\\lmallikarjuna\\AppData\\Local\\Programs\\Python\\Python311\\Lib\\site-packages\\behave\\model.py\", line 1329, in run\n    match.run(runner.context)\n  File \"C:\\Users\\lmallikarjuna\\AppData\\Local\\Programs\\Python\\Python311\\Lib\\site-packages\\behave\\matchers.py\", line 98, in run\n    self.func(context, *args, **kwargs)\n  File \"features\\steps\\register.py\", line 11, in step_impl\n    context.register_page.open_create_account()\n  File \"C:\\Users\\lmallikarjuna\\PycharmProjects\\pythonProject\\POC-\\features\\pages\\register_page.py\", line 24, in open_create_account\n    self.click_on_element(\"create_account_xpath\", self.create_account_xpath)\n  File \"C:\\Users\\lmallikarjuna\\PycharmProjects\\pythonProject\\POC-\\features\\pages\\BasePage.py\", line 32, in click_on_element\n    element = self.get_element(locator_type, locator_value)\n              ^^^^^^^^^^^^^^^^^^^^^^^^^^^^^^^^^^^^^^^^^^^^^\n  File \"C:\\Users\\lmallikarjuna\\PycharmProjects\\pythonProject\\POC-\\features\\pages\\BasePage.py\", line 46, in get_element\n    element = self.driver.find_element(By.XPATH, locator_value)\n              ^^^^^^^^^^^^^^^^^^^^^^^^^^^^^^^^^^^^^^^^^^^^^^^^^\n  File \"C:\\Users\\lmallikarjuna\\AppData\\Local\\Programs\\Python\\Python311\\Lib\\site-packages\\selenium\\webdriver\\remote\\webdriver.py\", line 739, in find_element\n    return self.execute(Command.FIND_ELEMENT, {\"using\": by, \"value\": value})[\"value\"]\n           ^^^^^^^^^^^^^^^^^^^^^^^^^^^^^^^^^^^^^^^^^^^^^^^^^^^^^^^^^^^^^^^^^\n  File \"C:\\Users\\lmallikarjuna\\AppData\\Local\\Programs\\Python\\Python311\\Lib\\site-packages\\selenium\\webdriver\\remote\\webdriver.py\", line 345, in execute\n    self.error_handler.check_response(response)\n  File \"C:\\Users\\lmallikarjuna\\AppData\\Local\\Programs\\Python\\Python311\\Lib\\site-packages\\selenium\\webdriver\\remote\\errorhandler.py\", line 229, in check_response\n    raise exception_class(message, screen, stacktrace)\n"}, "steps": [{"name": "Given I navigate to Register Page", "status": "broken", "statusDetails": {"message": "selenium.common.exceptions.NoSuchElementException: Message: no such element: Unable to locate element: {\"method\":\"xpath\",\"selector\":\"//a[@data-csa-c-content-id='nav_ya_signin']\"}\n  (Session info: chrome=116.0.5845.111); For documentation on this error, please visit: https://www.selenium.dev/documentation/webdriver/troubleshooting/errors#no-such-element-exception\nStacktrace:\n\tGetHandleVerifier [0x00007FF77B6852A2+57122]\n\t(No symbol) [0x00007FF77B5FEA92]\n\t(No symbol) [0x00007FF77B4CE3AB]\n\t(No symbol) [0x00007FF77B507D3E]\n\t(No symbol) [0x00007FF77B507E2C]\n\t(No symbol) [0x00007FF77B540B67]\n\t(No symbol) [0x00007FF77B52701F]\n\t(No symbol) [0x00007FF77B53EB82]\n\t(No symbol) [0x00007FF77B526DB3]\n\t(No symbol) [0x00007FF77B4FD2B1]\n\t(No symbol) [0x00007FF77B4FE494]\n\tGetHandleVerifier [0x00007FF77B92EF82+2849794]\n\tGetHandleVerifier [0x00007FF77B981D24+3189156]\n\tGetHandleVerifier [0x00007FF77B97ACAF+3160367]\n\tGetHandleVerifier [0x00007FF77B716D06+653702]\n\t(No symbol) [0x00007FF77B60A208]\n\t(No symbol) [0x00007FF77B6062C4]\n\t(No symbol) [0x00007FF77B6063F6]\n\t(No symbol) [0x00007FF77B5F67A3]\n\tBaseThreadInitThunk [0x00007FFE43FE7614+20]\n\tRtlUserThreadStart [0x00007FFE45E826B1+33]\n\n", "trace": "  File \"C:\\Users\\lmallikarjuna\\AppData\\Local\\Programs\\Python\\Python311\\Lib\\site-packages\\behave\\model.py\", line 1329, in run\n    match.run(runner.context)\n  File \"C:\\Users\\lmallikarjuna\\AppData\\Local\\Programs\\Python\\Python311\\Lib\\site-packages\\behave\\matchers.py\", line 98, in run\n    self.func(context, *args, **kwargs)\n  File \"features\\steps\\register.py\", line 11, in step_impl\n    context.register_page.open_create_account()\n  File \"C:\\Users\\lmallikarjuna\\PycharmProjects\\pythonProject\\POC-\\features\\pages\\register_page.py\", line 24, in open_create_account\n    self.click_on_element(\"create_account_xpath\", self.create_account_xpath)\n  File \"C:\\Users\\lmallikarjuna\\PycharmProjects\\pythonProject\\POC-\\features\\pages\\BasePage.py\", line 32, in click_on_element\n    element = self.get_element(locator_type, locator_value)\n              ^^^^^^^^^^^^^^^^^^^^^^^^^^^^^^^^^^^^^^^^^^^^^\n  File \"C:\\Users\\lmallikarjuna\\PycharmProjects\\pythonProject\\POC-\\features\\pages\\BasePage.py\", line 46, in get_element\n    element = self.driver.find_element(By.XPATH, locator_value)\n              ^^^^^^^^^^^^^^^^^^^^^^^^^^^^^^^^^^^^^^^^^^^^^^^^^\n  File \"C:\\Users\\lmallikarjuna\\AppData\\Local\\Programs\\Python\\Python311\\Lib\\site-packages\\selenium\\webdriver\\remote\\webdriver.py\", line 739, in find_element\n    return self.execute(Command.FIND_ELEMENT, {\"using\": by, \"value\": value})[\"value\"]\n           ^^^^^^^^^^^^^^^^^^^^^^^^^^^^^^^^^^^^^^^^^^^^^^^^^^^^^^^^^^^^^^^^^\n  File \"C:\\Users\\lmallikarjuna\\AppData\\Local\\Programs\\Python\\Python311\\Lib\\site-packages\\selenium\\webdriver\\remote\\webdriver.py\", line 345, in execute\n    self.error_handler.check_response(response)\n  File \"C:\\Users\\lmallikarjuna\\AppData\\Local\\Programs\\Python\\Python311\\Lib\\site-packages\\selenium\\webdriver\\remote\\errorhandler.py\", line 229, in check_response\n    raise exception_class(message, screen, stacktrace)\n"}, "attachments": [{"name": "screenshot", "source": "73efcc77-522c-4019-ad90-40a652c8aa6c-attachment.png", "type": "image/png"}], "start": 1693301658664, "stop": 1693301658889}, {"name": "When I enter below details into mandatory fields", "status": "skipped", "attachments": [{"name": ".table", "source": "54dee226-5747-4a25-a748-71acfb841c1b-attachment.csv", "type": "text/csv"}], "start": 1693301661776, "stop": 1693301661777}, {"name": "And I click on Continue button", "status": "skipped", "start": 1693301661777, "stop": 1693301661777}, {"name": "Then Account should get created", "status": "skipped", "start": 1693301661777, "stop": 1693301661777}], "start": 1693301652058, "stop": 1693301661777, "uuid": "4a3ed158-4106-4368-bd2b-1e696d644e6e", "historyId": "3e1821681d920f3f300abd92284d0a53", "fullName": "Register Account functionality: Register with mandatory fields", "labels": [{"name": "severity", "value": "normal"}, {"name": "tag", "value": "register1"}, {"name": "feature", "value": "Register Account functionality"}, {"name": "framework", "value": "behave"}, {"name": "language", "value": "cpython3"}]}