{"name": "Search without entering any product", "status": "broken", "statusDetails": {"message": "selenium.common.exceptions.NoSuchElementException: Message: no such element: Unable to locate element: {\"method\":\"xpath\",\"selector\":\"//div[@id='nav-logo']\"}\n  (Session info: chrome=116.0.5845.141); For documentation on this error, please visit: https://www.selenium.dev/documentation/webdriver/troubleshooting/errors#no-such-element-exception\nStacktrace:\n\tGetHandleVerifier [0x00007FF7862352A2+57122]\n\t(No symbol) [0x00007FF7861AEA92]\n\t(No symbol) [0x00007FF78607E3AB]\n\t(No symbol) [0x00007FF7860B7D3E]\n\t(No symbol) [0x00007FF7860B7E2C]\n\t(No symbol) [0x00007FF7860F0B67]\n\t(No symbol) [0x00007FF7860D701F]\n\t(No symbol) [0x00007FF7860EEB82]\n\t(No symbol) [0x00007FF7860D6DB3]\n\t(No symbol) [0x00007FF7860AD2B1]\n\t(No symbol) [0x00007FF7860AE494]\n\tGetHandleVerifier [0x00007FF7864DEF82+2849794]\n\tGetHandleVerifier [0x00007FF786531D24+3189156]\n\tGetHandleVerifier [0x00007FF78652ACAF+3160367]\n\tGetHandleVerifier [0x00007FF7862C6D06+653702]\n\t(No symbol) [0x00007FF7861BA208]\n\t(No symbol) [0x00007FF7861B62C4]\n\t(No symbol) [0x00007FF7861B63F6]\n\t(No symbol) [0x00007FF7861A67A3]\n\tBaseThreadInitThunk [0x00007FFE43FE7614+20]\n\tRtlUserThreadStart [0x00007FFE45E826B1+33]\n\n", "trace": "  File \"C:\\Users\\lmallikarjuna\\AppData\\Local\\Programs\\Python\\Python311\\Lib\\site-packages\\behave\\model.py\", line 1329, in run\n    match.run(runner.context)\n  File \"C:\\Users\\lmallikarjuna\\AppData\\Local\\Programs\\Python\\Python311\\Lib\\site-packages\\behave\\matchers.py\", line 98, in run\n    self.func(context, *args, **kwargs)\n  File \"features\\steps\\search.py\", line 8, in step_impl\n    assert context.home_page.check_homepage_display()\n           ^^^^^^^^^^^^^^^^^^^^^^^^^^^^^^^^^^^^^^^^^^\n  File \"D:\\POC-\\features\\pages\\home_page.py\", line 23, in check_homepage_display\n    return self.display(\"homepage_display_xpath\", self.homepage_display_xpath)\n           ^^^^^^^^^^^^^^^^^^^^^^^^^^^^^^^^^^^^^^^^^^^^^^^^^^^^^^^^^^^^^^^^^^^\n  File \"D:\\POC-\\features\\pages\\BasePage.py\", line 11, in display\n    element = self.get_element(locator_type, locator_value)\n              ^^^^^^^^^^^^^^^^^^^^^^^^^^^^^^^^^^^^^^^^^^^^^\n  File \"D:\\POC-\\features\\pages\\BasePage.py\", line 46, in get_element\n    element = self.driver.find_element(By.XPATH, locator_value)\n              ^^^^^^^^^^^^^^^^^^^^^^^^^^^^^^^^^^^^^^^^^^^^^^^^^\n  File \"C:\\Users\\lmallikarjuna\\AppData\\Local\\Programs\\Python\\Python311\\Lib\\site-packages\\selenium\\webdriver\\remote\\webdriver.py\", line 739, in find_element\n    return self.execute(Command.FIND_ELEMENT, {\"using\": by, \"value\": value})[\"value\"]\n           ^^^^^^^^^^^^^^^^^^^^^^^^^^^^^^^^^^^^^^^^^^^^^^^^^^^^^^^^^^^^^^^^^\n  File \"C:\\Users\\lmallikarjuna\\AppData\\Local\\Programs\\Python\\Python311\\Lib\\site-packages\\selenium\\webdriver\\remote\\webdriver.py\", line 345, in execute\n    self.error_handler.check_response(response)\n  File \"C:\\Users\\lmallikarjuna\\AppData\\Local\\Programs\\Python\\Python311\\Lib\\site-packages\\selenium\\webdriver\\remote\\errorhandler.py\", line 229, in check_response\n    raise exception_class(message, screen, stacktrace)\n"}, "steps": [{"name": "Given I got navigated to Home page", "status": "broken", "statusDetails": {"message": "selenium.common.exceptions.NoSuchElementException: Message: no such element: Unable to locate element: {\"method\":\"xpath\",\"selector\":\"//div[@id='nav-logo']\"}\n  (Session info: chrome=116.0.5845.141); For documentation on this error, please visit: https://www.selenium.dev/documentation/webdriver/troubleshooting/errors#no-such-element-exception\nStacktrace:\n\tGetHandleVerifier [0x00007FF7862352A2+57122]\n\t(No symbol) [0x00007FF7861AEA92]\n\t(No symbol) [0x00007FF78607E3AB]\n\t(No symbol) [0x00007FF7860B7D3E]\n\t(No symbol) [0x00007FF7860B7E2C]\n\t(No symbol) [0x00007FF7860F0B67]\n\t(No symbol) [0x00007FF7860D701F]\n\t(No symbol) [0x00007FF7860EEB82]\n\t(No symbol) [0x00007FF7860D6DB3]\n\t(No symbol) [0x00007FF7860AD2B1]\n\t(No symbol) [0x00007FF7860AE494]\n\tGetHandleVerifier [0x00007FF7864DEF82+2849794]\n\tGetHandleVerifier [0x00007FF786531D24+3189156]\n\tGetHandleVerifier [0x00007FF78652ACAF+3160367]\n\tGetHandleVerifier [0x00007FF7862C6D06+653702]\n\t(No symbol) [0x00007FF7861BA208]\n\t(No symbol) [0x00007FF7861B62C4]\n\t(No symbol) [0x00007FF7861B63F6]\n\t(No symbol) [0x00007FF7861A67A3]\n\tBaseThreadInitThunk [0x00007FFE43FE7614+20]\n\tRtlUserThreadStart [0x00007FFE45E826B1+33]\n\n", "trace": "  File \"C:\\Users\\lmallikarjuna\\AppData\\Local\\Programs\\Python\\Python311\\Lib\\site-packages\\behave\\model.py\", line 1329, in run\n    match.run(runner.context)\n  File \"C:\\Users\\lmallikarjuna\\AppData\\Local\\Programs\\Python\\Python311\\Lib\\site-packages\\behave\\matchers.py\", line 98, in run\n    self.func(context, *args, **kwargs)\n  File \"features\\steps\\search.py\", line 8, in step_impl\n    assert context.home_page.check_homepage_display()\n           ^^^^^^^^^^^^^^^^^^^^^^^^^^^^^^^^^^^^^^^^^^\n  File \"D:\\POC-\\features\\pages\\home_page.py\", line 23, in check_homepage_display\n    return self.display(\"homepage_display_xpath\", self.homepage_display_xpath)\n           ^^^^^^^^^^^^^^^^^^^^^^^^^^^^^^^^^^^^^^^^^^^^^^^^^^^^^^^^^^^^^^^^^^^\n  File \"D:\\POC-\\features\\pages\\BasePage.py\", line 11, in display\n    element = self.get_element(locator_type, locator_value)\n              ^^^^^^^^^^^^^^^^^^^^^^^^^^^^^^^^^^^^^^^^^^^^^\n  File \"D:\\POC-\\features\\pages\\BasePage.py\", line 46, in get_element\n    element = self.driver.find_element(By.XPATH, locator_value)\n              ^^^^^^^^^^^^^^^^^^^^^^^^^^^^^^^^^^^^^^^^^^^^^^^^^\n  File \"C:\\Users\\lmallikarjuna\\AppData\\Local\\Programs\\Python\\Python311\\Lib\\site-packages\\selenium\\webdriver\\remote\\webdriver.py\", line 739, in find_element\n    return self.execute(Command.FIND_ELEMENT, {\"using\": by, \"value\": value})[\"value\"]\n           ^^^^^^^^^^^^^^^^^^^^^^^^^^^^^^^^^^^^^^^^^^^^^^^^^^^^^^^^^^^^^^^^^\n  File \"C:\\Users\\lmallikarjuna\\AppData\\Local\\Programs\\Python\\Python311\\Lib\\site-packages\\selenium\\webdriver\\remote\\webdriver.py\", line 345, in execute\n    self.error_handler.check_response(response)\n  File \"C:\\Users\\lmallikarjuna\\AppData\\Local\\Programs\\Python\\Python311\\Lib\\site-packages\\selenium\\webdriver\\remote\\errorhandler.py\", line 229, in check_response\n    raise exception_class(message, screen, stacktrace)\n"}, "attachments": [{"name": "screenshot", "source": "55f9e10e-4c4d-48fa-bda8-67d584d06525-attachment.png", "type": "image/png"}], "start": 1693805799808, "stop": 1693805800072}, {"name": "When I dont enter anything into Search box field", "status": "skipped", "start": 1693805802982, "stop": 1693805802982}, {"name": "And I click on Search button", "status": "skipped", "start": 1693805802982, "stop": 1693805802982}, {"name": "Then Proper message should be displayed in Search results on search page", "status": "skipped", "start": 1693805802982, "stop": 1693805802982}], "start": 1693805745755, "stop": 1693805802982, "uuid": "7cbd2193-2277-42cc-88e7-e8d8739f1bf2", "historyId": "e472b38b64c822322335249528407d26", "fullName": "Search functionality: Search without entering any product", "labels": [{"name": "severity", "value": "normal"}, {"name": "tag", "value": "search"}, {"name": "feature", "value": "Search functionality"}, {"name": "framework", "value": "behave"}, {"name": "language", "value": "cpython3"}]}