{"name": "Deleting address and verifying", "status": "broken", "statusDetails": {"message": "selenium.common.exceptions.NoSuchElementException: Message: no such element: Unable to locate element: {\"method\":\"xpath\",\"selector\":\"//a[@data-csa-c-content-id='nav_ya_signin']\"}\n  (Session info: chrome=116.0.5845.141); For documentation on this error, please visit: https://www.selenium.dev/documentation/webdriver/troubleshooting/errors#no-such-element-exception\nStacktrace:\n\tGetHandleVerifier [0x00007FF7DEA552A2+57122]\n\t(No symbol) [0x00007FF7DE9CEA92]\n\t(No symbol) [0x00007FF7DE89E3AB]\n\t(No symbol) [0x00007FF7DE8D7D3E]\n\t(No symbol) [0x00007FF7DE8D7E2C]\n\t(No symbol) [0x00007FF7DE910B67]\n\t(No symbol) [0x00007FF7DE8F701F]\n\t(No symbol) [0x00007FF7DE90EB82]\n\t(No symbol) [0x00007FF7DE8F6DB3]\n\t(No symbol) [0x00007FF7DE8CD2B1]\n\t(No symbol) [0x00007FF7DE8CE494]\n\tGetHandleVerifier [0x00007FF7DECFEF82+2849794]\n\tGetHandleVerifier [0x00007FF7DED51D24+3189156]\n\tGetHandleVerifier [0x00007FF7DED4ACAF+3160367]\n\tGetHandleVerifier [0x00007FF7DEAE6D06+653702]\n\t(No symbol) [0x00007FF7DE9DA208]\n\t(No symbol) [0x00007FF7DE9D62C4]\n\t(No symbol) [0x00007FF7DE9D63F6]\n\t(No symbol) [0x00007FF7DE9C67A3]\n\tBaseThreadInitThunk [0x00007FFE43FE7614+20]\n\tRtlUserThreadStart [0x00007FFE45E826B1+33]\n\n", "trace": "  File \"C:\\Users\\lmallikarjuna\\AppData\\Local\\Programs\\Python\\Python311\\Lib\\site-packages\\behave\\model.py\", line 1329, in run\n    match.run(runner.context)\n  File \"C:\\Users\\lmallikarjuna\\AppData\\Local\\Programs\\Python\\Python311\\Lib\\site-packages\\behave\\matchers.py\", line 98, in run\n    self.func(context, *args, **kwargs)\n  File \"features\\steps\\delete_address.py\", line 12, in step_impl\n    context.login_page = context.homepage.click_on_my_account()\n                         ^^^^^^^^^^^^^^^^^^^^^^^^^^^^^^^^^^^^^^\n  File \"D:\\POC-\\features\\pages\\home_page.py\", line 19, in click_on_my_account\n    self.click_on_element(\"my_account_option_xpath\", self.my_account_option_xpath)\n  File \"D:\\POC-\\features\\pages\\BasePage.py\", line 32, in click_on_element\n    element = self.get_element(locator_type, locator_value)\n              ^^^^^^^^^^^^^^^^^^^^^^^^^^^^^^^^^^^^^^^^^^^^^\n  File \"D:\\POC-\\features\\pages\\BasePage.py\", line 46, in get_element\n    element = self.driver.find_element(By.XPATH, locator_value)\n              ^^^^^^^^^^^^^^^^^^^^^^^^^^^^^^^^^^^^^^^^^^^^^^^^^\n  File \"C:\\Users\\lmallikarjuna\\AppData\\Local\\Programs\\Python\\Python311\\Lib\\site-packages\\selenium\\webdriver\\remote\\webdriver.py\", line 739, in find_element\n    return self.execute(Command.FIND_ELEMENT, {\"using\": by, \"value\": value})[\"value\"]\n           ^^^^^^^^^^^^^^^^^^^^^^^^^^^^^^^^^^^^^^^^^^^^^^^^^^^^^^^^^^^^^^^^^\n  File \"C:\\Users\\lmallikarjuna\\AppData\\Local\\Programs\\Python\\Python311\\Lib\\site-packages\\selenium\\webdriver\\remote\\webdriver.py\", line 345, in execute\n    self.error_handler.check_response(response)\n  File \"C:\\Users\\lmallikarjuna\\AppData\\Local\\Programs\\Python\\Python311\\Lib\\site-packages\\selenium\\webdriver\\remote\\errorhandler.py\", line 229, in check_response\n    raise exception_class(message, screen, stacktrace)\n"}, "steps": [{"name": "Given I logged in into my account and got navigated to Homepage", "status": "broken", "statusDetails": {"message": "selenium.common.exceptions.NoSuchElementException: Message: no such element: Unable to locate element: {\"method\":\"xpath\",\"selector\":\"//a[@data-csa-c-content-id='nav_ya_signin']\"}\n  (Session info: chrome=116.0.5845.141); For documentation on this error, please visit: https://www.selenium.dev/documentation/webdriver/troubleshooting/errors#no-such-element-exception\nStacktrace:\n\tGetHandleVerifier [0x00007FF7DEA552A2+57122]\n\t(No symbol) [0x00007FF7DE9CEA92]\n\t(No symbol) [0x00007FF7DE89E3AB]\n\t(No symbol) [0x00007FF7DE8D7D3E]\n\t(No symbol) [0x00007FF7DE8D7E2C]\n\t(No symbol) [0x00007FF7DE910B67]\n\t(No symbol) [0x00007FF7DE8F701F]\n\t(No symbol) [0x00007FF7DE90EB82]\n\t(No symbol) [0x00007FF7DE8F6DB3]\n\t(No symbol) [0x00007FF7DE8CD2B1]\n\t(No symbol) [0x00007FF7DE8CE494]\n\tGetHandleVerifier [0x00007FF7DECFEF82+2849794]\n\tGetHandleVerifier [0x00007FF7DED51D24+3189156]\n\tGetHandleVerifier [0x00007FF7DED4ACAF+3160367]\n\tGetHandleVerifier [0x00007FF7DEAE6D06+653702]\n\t(No symbol) [0x00007FF7DE9DA208]\n\t(No symbol) [0x00007FF7DE9D62C4]\n\t(No symbol) [0x00007FF7DE9D63F6]\n\t(No symbol) [0x00007FF7DE9C67A3]\n\tBaseThreadInitThunk [0x00007FFE43FE7614+20]\n\tRtlUserThreadStart [0x00007FFE45E826B1+33]\n\n", "trace": "  File \"C:\\Users\\lmallikarjuna\\AppData\\Local\\Programs\\Python\\Python311\\Lib\\site-packages\\behave\\model.py\", line 1329, in run\n    match.run(runner.context)\n  File \"C:\\Users\\lmallikarjuna\\AppData\\Local\\Programs\\Python\\Python311\\Lib\\site-packages\\behave\\matchers.py\", line 98, in run\n    self.func(context, *args, **kwargs)\n  File \"features\\steps\\delete_address.py\", line 12, in step_impl\n    context.login_page = context.homepage.click_on_my_account()\n                         ^^^^^^^^^^^^^^^^^^^^^^^^^^^^^^^^^^^^^^\n  File \"D:\\POC-\\features\\pages\\home_page.py\", line 19, in click_on_my_account\n    self.click_on_element(\"my_account_option_xpath\", self.my_account_option_xpath)\n  File \"D:\\POC-\\features\\pages\\BasePage.py\", line 32, in click_on_element\n    element = self.get_element(locator_type, locator_value)\n              ^^^^^^^^^^^^^^^^^^^^^^^^^^^^^^^^^^^^^^^^^^^^^\n  File \"D:\\POC-\\features\\pages\\BasePage.py\", line 46, in get_element\n    element = self.driver.find_element(By.XPATH, locator_value)\n              ^^^^^^^^^^^^^^^^^^^^^^^^^^^^^^^^^^^^^^^^^^^^^^^^^\n  File \"C:\\Users\\lmallikarjuna\\AppData\\Local\\Programs\\Python\\Python311\\Lib\\site-packages\\selenium\\webdriver\\remote\\webdriver.py\", line 739, in find_element\n    return self.execute(Command.FIND_ELEMENT, {\"using\": by, \"value\": value})[\"value\"]\n           ^^^^^^^^^^^^^^^^^^^^^^^^^^^^^^^^^^^^^^^^^^^^^^^^^^^^^^^^^^^^^^^^^\n  File \"C:\\Users\\lmallikarjuna\\AppData\\Local\\Programs\\Python\\Python311\\Lib\\site-packages\\selenium\\webdriver\\remote\\webdriver.py\", line 345, in execute\n    self.error_handler.check_response(response)\n  File \"C:\\Users\\lmallikarjuna\\AppData\\Local\\Programs\\Python\\Python311\\Lib\\site-packages\\selenium\\webdriver\\remote\\errorhandler.py\", line 229, in check_response\n    raise exception_class(message, screen, stacktrace)\n"}, "attachments": [{"name": "screenshot", "source": "aa3412e4-eee2-448a-87b4-e19835ee1933-attachment.png", "type": "image/png"}], "start": 1693819857061, "stop": 1693819857572}, {"name": "When I clicked on my account and then to address option", "status": "skipped", "start": 1693819861800, "stop": 1693819861800}, {"name": "And deleted a address which is requested", "status": "skipped", "start": 1693819861801, "stop": 1693819861801}], "start": 1693819804925, "stop": 1693819861801, "uuid": "994ce6a5-e42d-411a-b301-23966a1872a5", "historyId": "1fe57537e172f90620d6190357dc2021", "fullName": "Deleting  address: Deleting address and verifying", "labels": [{"name": "severity", "value": "normal"}, {"name": "tag", "value": "delete_address"}, {"name": "feature", "value": "Deleting  address"}, {"name": "framework", "value": "behave"}, {"name": "language", "value": "cpython3"}]}