{"name": "Deleting address and verifying", "status": "broken", "statusDetails": {"message": "selenium.common.exceptions.NoSuchElementException: Message: no such element: Unable to locate element: {\"method\":\"xpath\",\"selector\":\"//div[@class ='a-popover-inner']/div[@class='a-section']/div[4]/div[2]/div/div[@class='a-column a-span8']\"}\n  (Session info: chrome=116.0.5845.141); For documentation on this error, please visit: https://www.selenium.dev/documentation/webdriver/troubleshooting/errors#no-such-element-exception\nStacktrace:\n\tGetHandleVerifier [0x00007FF7DEA552A2+57122]\n\t(No symbol) [0x00007FF7DE9CEA92]\n\t(No symbol) [0x00007FF7DE89E3AB]\n\t(No symbol) [0x00007FF7DE8D7D3E]\n\t(No symbol) [0x00007FF7DE8D7E2C]\n\t(No symbol) [0x00007FF7DE910B67]\n\t(No symbol) [0x00007FF7DE8F701F]\n\t(No symbol) [0x00007FF7DE90EB82]\n\t(No symbol) [0x00007FF7DE8F6DB3]\n\t(No symbol) [0x00007FF7DE8CD2B1]\n\t(No symbol) [0x00007FF7DE8CE494]\n\tGetHandleVerifier [0x00007FF7DECFEF82+2849794]\n\tGetHandleVerifier [0x00007FF7DED51D24+3189156]\n\tGetHandleVerifier [0x00007FF7DED4ACAF+3160367]\n\tGetHandleVerifier [0x00007FF7DEAE6D06+653702]\n\t(No symbol) [0x00007FF7DE9DA208]\n\t(No symbol) [0x00007FF7DE9D62C4]\n\t(No symbol) [0x00007FF7DE9D63F6]\n\t(No symbol) [0x00007FF7DE9C67A3]\n\tBaseThreadInitThunk [0x00007FFE43FE7614+20]\n\tRtlUserThreadStart [0x00007FFE45E826B1+33]\n\n", "trace": "  File \"C:\\Users\\lmallikarjuna\\AppData\\Local\\Programs\\Python\\Python311\\Lib\\site-packages\\behave\\model.py\", line 1329, in run\n    match.run(runner.context)\n  File \"C:\\Users\\lmallikarjuna\\AppData\\Local\\Programs\\Python\\Python311\\Lib\\site-packages\\behave\\matchers.py\", line 98, in run\n    self.func(context, *args, **kwargs)\n  File \"features\\steps\\delete_address.py\", line 27, in step_impl\n    context.delete_address.delete_address_()\n  File \"D:\\POC-\\features\\pages\\delete_address_page.py\", line 30, in delete_address_\n    self.click_on_element(\"yes_delete_xpath\", self.yes_delete_xpath)\n  File \"D:\\POC-\\features\\pages\\BasePage.py\", line 32, in click_on_element\n    element = self.get_element(locator_type, locator_value)\n              ^^^^^^^^^^^^^^^^^^^^^^^^^^^^^^^^^^^^^^^^^^^^^\n  File \"D:\\POC-\\features\\pages\\BasePage.py\", line 46, in get_element\n    element = self.driver.find_element(By.XPATH, locator_value)\n              ^^^^^^^^^^^^^^^^^^^^^^^^^^^^^^^^^^^^^^^^^^^^^^^^^\n  File \"C:\\Users\\lmallikarjuna\\AppData\\Local\\Programs\\Python\\Python311\\Lib\\site-packages\\selenium\\webdriver\\remote\\webdriver.py\", line 739, in find_element\n    return self.execute(Command.FIND_ELEMENT, {\"using\": by, \"value\": value})[\"value\"]\n           ^^^^^^^^^^^^^^^^^^^^^^^^^^^^^^^^^^^^^^^^^^^^^^^^^^^^^^^^^^^^^^^^^\n  File \"C:\\Users\\lmallikarjuna\\AppData\\Local\\Programs\\Python\\Python311\\Lib\\site-packages\\selenium\\webdriver\\remote\\webdriver.py\", line 345, in execute\n    self.error_handler.check_response(response)\n  File \"C:\\Users\\lmallikarjuna\\AppData\\Local\\Programs\\Python\\Python311\\Lib\\site-packages\\selenium\\webdriver\\remote\\errorhandler.py\", line 229, in check_response\n    raise exception_class(message, screen, stacktrace)\n"}, "steps": [{"name": "Given I logged in into my account and got navigated to Homepage", "status": "passed", "start": 1693810307262, "stop": 1693810314887}, {"name": "When I clicked on my account and then to address option", "status": "passed", "start": 1693810314888, "stop": 1693810386290}, {"name": "And deleted a address which is requested", "status": "broken", "statusDetails": {"message": "selenium.common.exceptions.NoSuchElementException: Message: no such element: Unable to locate element: {\"method\":\"xpath\",\"selector\":\"//div[@class ='a-popover-inner']/div[@class='a-section']/div[4]/div[2]/div/div[@class='a-column a-span8']\"}\n  (Session info: chrome=116.0.5845.141); For documentation on this error, please visit: https://www.selenium.dev/documentation/webdriver/troubleshooting/errors#no-such-element-exception\nStacktrace:\n\tGetHandleVerifier [0x00007FF7DEA552A2+57122]\n\t(No symbol) [0x00007FF7DE9CEA92]\n\t(No symbol) [0x00007FF7DE89E3AB]\n\t(No symbol) [0x00007FF7DE8D7D3E]\n\t(No symbol) [0x00007FF7DE8D7E2C]\n\t(No symbol) [0x00007FF7DE910B67]\n\t(No symbol) [0x00007FF7DE8F701F]\n\t(No symbol) [0x00007FF7DE90EB82]\n\t(No symbol) [0x00007FF7DE8F6DB3]\n\t(No symbol) [0x00007FF7DE8CD2B1]\n\t(No symbol) [0x00007FF7DE8CE494]\n\tGetHandleVerifier [0x00007FF7DECFEF82+2849794]\n\tGetHandleVerifier [0x00007FF7DED51D24+3189156]\n\tGetHandleVerifier [0x00007FF7DED4ACAF+3160367]\n\tGetHandleVerifier [0x00007FF7DEAE6D06+653702]\n\t(No symbol) [0x00007FF7DE9DA208]\n\t(No symbol) [0x00007FF7DE9D62C4]\n\t(No symbol) [0x00007FF7DE9D63F6]\n\t(No symbol) [0x00007FF7DE9C67A3]\n\tBaseThreadInitThunk [0x00007FFE43FE7614+20]\n\tRtlUserThreadStart [0x00007FFE45E826B1+33]\n\n", "trace": "  File \"C:\\Users\\lmallikarjuna\\AppData\\Local\\Programs\\Python\\Python311\\Lib\\site-packages\\behave\\model.py\", line 1329, in run\n    match.run(runner.context)\n  File \"C:\\Users\\lmallikarjuna\\AppData\\Local\\Programs\\Python\\Python311\\Lib\\site-packages\\behave\\matchers.py\", line 98, in run\n    self.func(context, *args, **kwargs)\n  File \"features\\steps\\delete_address.py\", line 27, in step_impl\n    context.delete_address.delete_address_()\n  File \"D:\\POC-\\features\\pages\\delete_address_page.py\", line 30, in delete_address_\n    self.click_on_element(\"yes_delete_xpath\", self.yes_delete_xpath)\n  File \"D:\\POC-\\features\\pages\\BasePage.py\", line 32, in click_on_element\n    element = self.get_element(locator_type, locator_value)\n              ^^^^^^^^^^^^^^^^^^^^^^^^^^^^^^^^^^^^^^^^^^^^^\n  File \"D:\\POC-\\features\\pages\\BasePage.py\", line 46, in get_element\n    element = self.driver.find_element(By.XPATH, locator_value)\n              ^^^^^^^^^^^^^^^^^^^^^^^^^^^^^^^^^^^^^^^^^^^^^^^^^\n  File \"C:\\Users\\lmallikarjuna\\AppData\\Local\\Programs\\Python\\Python311\\Lib\\site-packages\\selenium\\webdriver\\remote\\webdriver.py\", line 739, in find_element\n    return self.execute(Command.FIND_ELEMENT, {\"using\": by, \"value\": value})[\"value\"]\n           ^^^^^^^^^^^^^^^^^^^^^^^^^^^^^^^^^^^^^^^^^^^^^^^^^^^^^^^^^^^^^^^^^\n  File \"C:\\Users\\lmallikarjuna\\AppData\\Local\\Programs\\Python\\Python311\\Lib\\site-packages\\selenium\\webdriver\\remote\\webdriver.py\", line 345, in execute\n    self.error_handler.check_response(response)\n  File \"C:\\Users\\lmallikarjuna\\AppData\\Local\\Programs\\Python\\Python311\\Lib\\site-packages\\selenium\\webdriver\\remote\\errorhandler.py\", line 229, in check_response\n    raise exception_class(message, screen, stacktrace)\n"}, "attachments": [{"name": "screenshot", "source": "94c53b55-4a78-45d3-8c8b-b184182d7896-attachment.png", "type": "image/png"}], "start": 1693810386290, "stop": 1693810386716}], "start": 1693810272688, "stop": 1693810389509, "uuid": "45ed3ada-b12f-4074-beae-ec744e3946ad", "historyId": "1fe57537e172f90620d6190357dc2021", "fullName": "Deleting  address: Deleting address and verifying", "labels": [{"name": "severity", "value": "normal"}, {"name": "tag", "value": "delete_address"}, {"name": "feature", "value": "Deleting  address"}, {"name": "framework", "value": "behave"}, {"name": "language", "value": "cpython3"}]}