{"name": "Search without entering any product", "status": "broken", "statusDetails": {"message": "selenium.common.exceptions.NoSuchElementException: Message: no such element: Unable to locate element: {\"method\":\"xpath\",\"selector\":\"//div[@id='nav-logo']\"}\n  (Session info: chrome=116.0.5845.141); For documentation on this error, please visit: https://www.selenium.dev/documentation/webdriver/troubleshooting/errors#no-such-element-exception\nStacktrace:\n\tGetHandleVerifier [0x00007FF7DEA552A2+57122]\n\t(No symbol) [0x00007FF7DE9CEA92]\n\t(No symbol) [0x00007FF7DE89E3AB]\n\t(No symbol) [0x00007FF7DE8D7D3E]\n\t(No symbol) [0x00007FF7DE8D7E2C]\n\t(No symbol) [0x00007FF7DE910B67]\n\t(No symbol) [0x00007FF7DE8F701F]\n\t(No symbol) [0x00007FF7DE90EB82]\n\t(No symbol) [0x00007FF7DE8F6DB3]\n\t(No symbol) [0x00007FF7DE8CD2B1]\n\t(No symbol) [0x00007FF7DE8CE494]\n\tGetHandleVerifier [0x00007FF7DECFEF82+2849794]\n\tGetHandleVerifier [0x00007FF7DED51D24+3189156]\n\tGetHandleVerifier [0x00007FF7DED4ACAF+3160367]\n\tGetHandleVerifier [0x00007FF7DEAE6D06+653702]\n\t(No symbol) [0x00007FF7DE9DA208]\n\t(No symbol) [0x00007FF7DE9D62C4]\n\t(No symbol) [0x00007FF7DE9D63F6]\n\t(No symbol) [0x00007FF7DE9C67A3]\n\tBaseThreadInitThunk [0x00007FFE43FE7614+20]\n\tRtlUserThreadStart [0x00007FFE45E826B1+33]\n\n", "trace": "  File \"C:\\Users\\lmallikarjuna\\AppData\\Local\\Programs\\Python\\Python311\\Lib\\site-packages\\behave\\model.py\", line 1329, in run\n    match.run(runner.context)\n  File \"C:\\Users\\lmallikarjuna\\AppData\\Local\\Programs\\Python\\Python311\\Lib\\site-packages\\behave\\matchers.py\", line 98, in run\n    self.func(context, *args, **kwargs)\n  File \"features\\steps\\search.py\", line 8, in step_impl\n    assert context.home_page.check_homepage_display()\n           ^^^^^^^^^^^^^^^^^^^^^^^^^^^^^^^^^^^^^^^^^^\n  File \"D:\\POC-\\features\\pages\\home_page.py\", line 23, in check_homepage_display\n    return self.display(\"homepage_display_xpath\", self.homepage_display_xpath)\n           ^^^^^^^^^^^^^^^^^^^^^^^^^^^^^^^^^^^^^^^^^^^^^^^^^^^^^^^^^^^^^^^^^^^\n  File \"D:\\POC-\\features\\pages\\BasePage.py\", line 11, in display\n    element = self.get_element(locator_type, locator_value)\n              ^^^^^^^^^^^^^^^^^^^^^^^^^^^^^^^^^^^^^^^^^^^^^\n  File \"D:\\POC-\\features\\pages\\BasePage.py\", line 46, in get_element\n    element = self.driver.find_element(By.XPATH, locator_value)\n              ^^^^^^^^^^^^^^^^^^^^^^^^^^^^^^^^^^^^^^^^^^^^^^^^^\n  File \"C:\\Users\\lmallikarjuna\\AppData\\Local\\Programs\\Python\\Python311\\Lib\\site-packages\\selenium\\webdriver\\remote\\webdriver.py\", line 739, in find_element\n    return self.execute(Command.FIND_ELEMENT, {\"using\": by, \"value\": value})[\"value\"]\n           ^^^^^^^^^^^^^^^^^^^^^^^^^^^^^^^^^^^^^^^^^^^^^^^^^^^^^^^^^^^^^^^^^\n  File \"C:\\Users\\lmallikarjuna\\AppData\\Local\\Programs\\Python\\Python311\\Lib\\site-packages\\selenium\\webdriver\\remote\\webdriver.py\", line 345, in execute\n    self.error_handler.check_response(response)\n  File \"C:\\Users\\lmallikarjuna\\AppData\\Local\\Programs\\Python\\Python311\\Lib\\site-packages\\selenium\\webdriver\\remote\\errorhandler.py\", line 229, in check_response\n    raise exception_class(message, screen, stacktrace)\n"}, "steps": [{"name": "Given I got navigated to Home page", "status": "broken", "statusDetails": {"message": "selenium.common.exceptions.NoSuchElementException: Message: no such element: Unable to locate element: {\"method\":\"xpath\",\"selector\":\"//div[@id='nav-logo']\"}\n  (Session info: chrome=116.0.5845.141); For documentation on this error, please visit: https://www.selenium.dev/documentation/webdriver/troubleshooting/errors#no-such-element-exception\nStacktrace:\n\tGetHandleVerifier [0x00007FF7DEA552A2+57122]\n\t(No symbol) [0x00007FF7DE9CEA92]\n\t(No symbol) [0x00007FF7DE89E3AB]\n\t(No symbol) [0x00007FF7DE8D7D3E]\n\t(No symbol) [0x00007FF7DE8D7E2C]\n\t(No symbol) [0x00007FF7DE910B67]\n\t(No symbol) [0x00007FF7DE8F701F]\n\t(No symbol) [0x00007FF7DE90EB82]\n\t(No symbol) [0x00007FF7DE8F6DB3]\n\t(No symbol) [0x00007FF7DE8CD2B1]\n\t(No symbol) [0x00007FF7DE8CE494]\n\tGetHandleVerifier [0x00007FF7DECFEF82+2849794]\n\tGetHandleVerifier [0x00007FF7DED51D24+3189156]\n\tGetHandleVerifier [0x00007FF7DED4ACAF+3160367]\n\tGetHandleVerifier [0x00007FF7DEAE6D06+653702]\n\t(No symbol) [0x00007FF7DE9DA208]\n\t(No symbol) [0x00007FF7DE9D62C4]\n\t(No symbol) [0x00007FF7DE9D63F6]\n\t(No symbol) [0x00007FF7DE9C67A3]\n\tBaseThreadInitThunk [0x00007FFE43FE7614+20]\n\tRtlUserThreadStart [0x00007FFE45E826B1+33]\n\n", "trace": "  File \"C:\\Users\\lmallikarjuna\\AppData\\Local\\Programs\\Python\\Python311\\Lib\\site-packages\\behave\\model.py\", line 1329, in run\n    match.run(runner.context)\n  File \"C:\\Users\\lmallikarjuna\\AppData\\Local\\Programs\\Python\\Python311\\Lib\\site-packages\\behave\\matchers.py\", line 98, in run\n    self.func(context, *args, **kwargs)\n  File \"features\\steps\\search.py\", line 8, in step_impl\n    assert context.home_page.check_homepage_display()\n           ^^^^^^^^^^^^^^^^^^^^^^^^^^^^^^^^^^^^^^^^^^\n  File \"D:\\POC-\\features\\pages\\home_page.py\", line 23, in check_homepage_display\n    return self.display(\"homepage_display_xpath\", self.homepage_display_xpath)\n           ^^^^^^^^^^^^^^^^^^^^^^^^^^^^^^^^^^^^^^^^^^^^^^^^^^^^^^^^^^^^^^^^^^^\n  File \"D:\\POC-\\features\\pages\\BasePage.py\", line 11, in display\n    element = self.get_element(locator_type, locator_value)\n              ^^^^^^^^^^^^^^^^^^^^^^^^^^^^^^^^^^^^^^^^^^^^^\n  File \"D:\\POC-\\features\\pages\\BasePage.py\", line 46, in get_element\n    element = self.driver.find_element(By.XPATH, locator_value)\n              ^^^^^^^^^^^^^^^^^^^^^^^^^^^^^^^^^^^^^^^^^^^^^^^^^\n  File \"C:\\Users\\lmallikarjuna\\AppData\\Local\\Programs\\Python\\Python311\\Lib\\site-packages\\selenium\\webdriver\\remote\\webdriver.py\", line 739, in find_element\n    return self.execute(Command.FIND_ELEMENT, {\"using\": by, \"value\": value})[\"value\"]\n           ^^^^^^^^^^^^^^^^^^^^^^^^^^^^^^^^^^^^^^^^^^^^^^^^^^^^^^^^^^^^^^^^^\n  File \"C:\\Users\\lmallikarjuna\\AppData\\Local\\Programs\\Python\\Python311\\Lib\\site-packages\\selenium\\webdriver\\remote\\webdriver.py\", line 345, in execute\n    self.error_handler.check_response(response)\n  File \"C:\\Users\\lmallikarjuna\\AppData\\Local\\Programs\\Python\\Python311\\Lib\\site-packages\\selenium\\webdriver\\remote\\errorhandler.py\", line 229, in check_response\n    raise exception_class(message, screen, stacktrace)\n"}, "attachments": [{"name": "screenshot", "source": "d12300e2-3743-4ecf-8059-409ba363ddd2-attachment.png", "type": "image/png"}], "start": 1693811090960, "stop": 1693811091115}, {"name": "When I dont enter anything into Search box field", "status": "skipped", "start": 1693811093837, "stop": 1693811093837}, {"name": "And I click on Search button", "status": "skipped", "start": 1693811093838, "stop": 1693811093838}, {"name": "Then Proper message should be displayed in Search results on search page", "status": "skipped", "start": 1693811093838, "stop": 1693811093838}], "start": 1693811058765, "stop": 1693811093838, "uuid": "60b94e99-5921-4770-8150-bf493490b276", "historyId": "e472b38b64c822322335249528407d26", "fullName": "Search functionality: Search without entering any product", "labels": [{"name": "severity", "value": "normal"}, {"name": "tag", "value": "search"}, {"name": "feature", "value": "Search functionality"}, {"name": "framework", "value": "behave"}, {"name": "language", "value": "cpython3"}]}