{"name": "Register without providing any details", "status": "broken", "statusDetails": {"message": "selenium.common.exceptions.NoSuchElementException: Message: no such element: Unable to locate element: {\"method\":\"xpath\",\"selector\":\"//a[@data-csa-c-content-id='nav_ya_signin']\"}\n  (Session info: chrome=116.0.5845.141); For documentation on this error, please visit: https://www.selenium.dev/documentation/webdriver/troubleshooting/errors#no-such-element-exception\nStacktrace:\n\tGetHandleVerifier [0x00007FF7862352A2+57122]\n\t(No symbol) [0x00007FF7861AEA92]\n\t(No symbol) [0x00007FF78607E3AB]\n\t(No symbol) [0x00007FF7860B7D3E]\n\t(No symbol) [0x00007FF7860B7E2C]\n\t(No symbol) [0x00007FF7860F0B67]\n\t(No symbol) [0x00007FF7860D701F]\n\t(No symbol) [0x00007FF7860EEB82]\n\t(No symbol) [0x00007FF7860D6DB3]\n\t(No symbol) [0x00007FF7860AD2B1]\n\t(No symbol) [0x00007FF7860AE494]\n\tGetHandleVerifier [0x00007FF7864DEF82+2849794]\n\tGetHandleVerifier [0x00007FF786531D24+3189156]\n\tGetHandleVerifier [0x00007FF78652ACAF+3160367]\n\tGetHandleVerifier [0x00007FF7862C6D06+653702]\n\t(No symbol) [0x00007FF7861BA208]\n\t(No symbol) [0x00007FF7861B62C4]\n\t(No symbol) [0x00007FF7861B63F6]\n\t(No symbol) [0x00007FF7861A67A3]\n\tBaseThreadInitThunk [0x00007FFE43FE7614+20]\n\tRtlUserThreadStart [0x00007FFE45E826B1+33]\n\n", "trace": "  File \"C:\\Users\\lmallikarjuna\\AppData\\Local\\Programs\\Python\\Python311\\Lib\\site-packages\\behave\\model.py\", line 1329, in run\n    match.run(runner.context)\n  File \"C:\\Users\\lmallikarjuna\\AppData\\Local\\Programs\\Python\\Python311\\Lib\\site-packages\\behave\\matchers.py\", line 98, in run\n    self.func(context, *args, **kwargs)\n  File \"features\\steps\\register.py\", line 12, in step_impl\n    context.register_page.open_create_account()\n  File \"D:\\POC-\\features\\pages\\register_page.py\", line 24, in open_create_account\n    self.click_on_element(\"create_account_xpath\", self.create_account_xpath)\n  File \"D:\\POC-\\features\\pages\\BasePage.py\", line 32, in click_on_element\n    element = self.get_element(locator_type, locator_value)\n              ^^^^^^^^^^^^^^^^^^^^^^^^^^^^^^^^^^^^^^^^^^^^^\n  File \"D:\\POC-\\features\\pages\\BasePage.py\", line 46, in get_element\n    element = self.driver.find_element(By.XPATH, locator_value)\n              ^^^^^^^^^^^^^^^^^^^^^^^^^^^^^^^^^^^^^^^^^^^^^^^^^\n  File \"C:\\Users\\lmallikarjuna\\AppData\\Local\\Programs\\Python\\Python311\\Lib\\site-packages\\selenium\\webdriver\\remote\\webdriver.py\", line 739, in find_element\n    return self.execute(Command.FIND_ELEMENT, {\"using\": by, \"value\": value})[\"value\"]\n           ^^^^^^^^^^^^^^^^^^^^^^^^^^^^^^^^^^^^^^^^^^^^^^^^^^^^^^^^^^^^^^^^^\n  File \"C:\\Users\\lmallikarjuna\\AppData\\Local\\Programs\\Python\\Python311\\Lib\\site-packages\\selenium\\webdriver\\remote\\webdriver.py\", line 345, in execute\n    self.error_handler.check_response(response)\n  File \"C:\\Users\\lmallikarjuna\\AppData\\Local\\Programs\\Python\\Python311\\Lib\\site-packages\\selenium\\webdriver\\remote\\errorhandler.py\", line 229, in check_response\n    raise exception_class(message, screen, stacktrace)\n"}, "steps": [{"name": "Given I navigate to Register Page", "status": "broken", "statusDetails": {"message": "selenium.common.exceptions.NoSuchElementException: Message: no such element: Unable to locate element: {\"method\":\"xpath\",\"selector\":\"//a[@data-csa-c-content-id='nav_ya_signin']\"}\n  (Session info: chrome=116.0.5845.141); For documentation on this error, please visit: https://www.selenium.dev/documentation/webdriver/troubleshooting/errors#no-such-element-exception\nStacktrace:\n\tGetHandleVerifier [0x00007FF7862352A2+57122]\n\t(No symbol) [0x00007FF7861AEA92]\n\t(No symbol) [0x00007FF78607E3AB]\n\t(No symbol) [0x00007FF7860B7D3E]\n\t(No symbol) [0x00007FF7860B7E2C]\n\t(No symbol) [0x00007FF7860F0B67]\n\t(No symbol) [0x00007FF7860D701F]\n\t(No symbol) [0x00007FF7860EEB82]\n\t(No symbol) [0x00007FF7860D6DB3]\n\t(No symbol) [0x00007FF7860AD2B1]\n\t(No symbol) [0x00007FF7860AE494]\n\tGetHandleVerifier [0x00007FF7864DEF82+2849794]\n\tGetHandleVerifier [0x00007FF786531D24+3189156]\n\tGetHandleVerifier [0x00007FF78652ACAF+3160367]\n\tGetHandleVerifier [0x00007FF7862C6D06+653702]\n\t(No symbol) [0x00007FF7861BA208]\n\t(No symbol) [0x00007FF7861B62C4]\n\t(No symbol) [0x00007FF7861B63F6]\n\t(No symbol) [0x00007FF7861A67A3]\n\tBaseThreadInitThunk [0x00007FFE43FE7614+20]\n\tRtlUserThreadStart [0x00007FFE45E826B1+33]\n\n", "trace": "  File \"C:\\Users\\lmallikarjuna\\AppData\\Local\\Programs\\Python\\Python311\\Lib\\site-packages\\behave\\model.py\", line 1329, in run\n    match.run(runner.context)\n  File \"C:\\Users\\lmallikarjuna\\AppData\\Local\\Programs\\Python\\Python311\\Lib\\site-packages\\behave\\matchers.py\", line 98, in run\n    self.func(context, *args, **kwargs)\n  File \"features\\steps\\register.py\", line 12, in step_impl\n    context.register_page.open_create_account()\n  File \"D:\\POC-\\features\\pages\\register_page.py\", line 24, in open_create_account\n    self.click_on_element(\"create_account_xpath\", self.create_account_xpath)\n  File \"D:\\POC-\\features\\pages\\BasePage.py\", line 32, in click_on_element\n    element = self.get_element(locator_type, locator_value)\n              ^^^^^^^^^^^^^^^^^^^^^^^^^^^^^^^^^^^^^^^^^^^^^\n  File \"D:\\POC-\\features\\pages\\BasePage.py\", line 46, in get_element\n    element = self.driver.find_element(By.XPATH, locator_value)\n              ^^^^^^^^^^^^^^^^^^^^^^^^^^^^^^^^^^^^^^^^^^^^^^^^^\n  File \"C:\\Users\\lmallikarjuna\\AppData\\Local\\Programs\\Python\\Python311\\Lib\\site-packages\\selenium\\webdriver\\remote\\webdriver.py\", line 739, in find_element\n    return self.execute(Command.FIND_ELEMENT, {\"using\": by, \"value\": value})[\"value\"]\n           ^^^^^^^^^^^^^^^^^^^^^^^^^^^^^^^^^^^^^^^^^^^^^^^^^^^^^^^^^^^^^^^^^\n  File \"C:\\Users\\lmallikarjuna\\AppData\\Local\\Programs\\Python\\Python311\\Lib\\site-packages\\selenium\\webdriver\\remote\\webdriver.py\", line 345, in execute\n    self.error_handler.check_response(response)\n  File \"C:\\Users\\lmallikarjuna\\AppData\\Local\\Programs\\Python\\Python311\\Lib\\site-packages\\selenium\\webdriver\\remote\\errorhandler.py\", line 229, in check_response\n    raise exception_class(message, screen, stacktrace)\n"}, "attachments": [{"name": "screenshot", "source": "64555f50-2583-4021-9203-4b56f2d92b3b-attachment.png", "type": "image/png"}], "start": 1693805654177, "stop": 1693805654394}, {"name": "When I dont enter anything into the fields", "status": "skipped", "start": 1693805657360, "stop": 1693805657360}, {"name": "And I click on Continue button", "status": "skipped", "start": 1693805657360, "stop": 1693805657360}, {"name": "Then Error warning message should be displayed", "status": "skipped", "start": 1693805657360, "stop": 1693805657360}], "start": 1693805618022, "stop": 1693805657360, "uuid": "8d043280-452f-4c15-8ec3-9f55af9b23e0", "historyId": "25617674ea2c75949c38fee8a7927168", "fullName": "Register Account functionality: Register without providing any details", "labels": [{"name": "severity", "value": "normal"}, {"name": "tag", "value": "register"}, {"name": "feature", "value": "Register Account functionality"}, {"name": "framework", "value": "behave"}, {"name": "language", "value": "cpython3"}]}