{"name": "adding with valid details", "status": "broken", "statusDetails": {"message": "selenium.common.exceptions.TimeoutException: Message: timeout: Timed out receiving message from renderer: 10.000\n  (Session info: chrome=116.0.5845.111)\nStacktrace:\n\tGetHandleVerifier [0x00007FF61C2852A2+57122]\n\t(No symbol) [0x00007FF61C1FEA92]\n\t(No symbol) [0x00007FF61C0CE3AB]\n\t(No symbol) [0x00007FF61C0BC01A]\n\t(No symbol) [0x00007FF61C0BBF63]\n\t(No symbol) [0x00007FF61C0BA9E5]\n\t(No symbol) [0x00007FF61C0BB31E]\n\t(No symbol) [0x00007FF61C0D82EF]\n\t(No symbol) [0x00007FF61C14B62B]\n\t(No symbol) [0x00007FF61C126FDA]\n\t(No symbol) [0x00007FF61C13EB82]\n\t(No symbol) [0x00007FF61C126DB3]\n\t(No symbol) [0x00007FF61C0FD2B1]\n\t(No symbol) [0x00007FF61C0FE494]\n\tGetHandleVerifier [0x00007FF61C52EF82+2849794]\n\tGetHandleVerifier [0x00007FF61C581D24+3189156]\n\tGetHandleVerifier [0x00007FF61C57ACAF+3160367]\n\tGetHandleVerifier [0x00007FF61C316D06+653702]\n\t(No symbol) [0x00007FF61C20A208]\n\t(No symbol) [0x00007FF61C2062C4]\n\t(No symbol) [0x00007FF61C2063F6]\n\t(No symbol) [0x00007FF61C1F67A3]\n\tBaseThreadInitThunk [0x00007FFE43FE7614+20]\n\tRtlUserThreadStart [0x00007FFE45E826B1+33]\n\n", "trace": "  File \"C:\\Users\\lmallikarjuna\\AppData\\Local\\Programs\\Python\\Python311\\Lib\\site-packages\\behave\\runner.py\", line 545, in run_hook\n    self.hooks[name](context, *args)\n  File \"features\\environment.py\", line 27, in after_step\n    allure.attach(context.driver.get_screenshot_as_png(),\n                  ^^^^^^^^^^^^^^^^^^^^^^^^^^^^^^^^^^^^^^\n  File \"C:\\Users\\lmallikarjuna\\AppData\\Local\\Programs\\Python\\Python311\\Lib\\site-packages\\selenium\\webdriver\\remote\\webdriver.py\", line 836, in get_screenshot_as_png\n    return b64decode(self.get_screenshot_as_base64().encode(\"ascii\"))\n                     ^^^^^^^^^^^^^^^^^^^^^^^^^^^^^^^\n  File \"C:\\Users\\lmallikarjuna\\AppData\\Local\\Programs\\Python\\Python311\\Lib\\site-packages\\selenium\\webdriver\\remote\\webdriver.py\", line 847, in get_screenshot_as_base64\n    return self.execute(Command.SCREENSHOT)[\"value\"]\n           ^^^^^^^^^^^^^^^^^^^^^^^^^^^^^^^^\n  File \"C:\\Users\\lmallikarjuna\\AppData\\Local\\Programs\\Python\\Python311\\Lib\\site-packages\\selenium\\webdriver\\remote\\webdriver.py\", line 345, in execute\n    self.error_handler.check_response(response)\n  File \"C:\\Users\\lmallikarjuna\\AppData\\Local\\Programs\\Python\\Python311\\Lib\\site-packages\\selenium\\webdriver\\remote\\errorhandler.py\", line 229, in check_response\n    raise exception_class(message, screen, stacktrace)\n"}, "steps": [{"name": "Given I logged in and got navigated to Home page", "status": "broken", "statusDetails": {"message": "selenium.common.exceptions.TimeoutException: Message: timeout: Timed out receiving message from renderer: 10.000\n  (Session info: chrome=116.0.5845.111)\nStacktrace:\n\tGetHandleVerifier [0x00007FF61C2852A2+57122]\n\t(No symbol) [0x00007FF61C1FEA92]\n\t(No symbol) [0x00007FF61C0CE3AB]\n\t(No symbol) [0x00007FF61C0BC01A]\n\t(No symbol) [0x00007FF61C0BBF63]\n\t(No symbol) [0x00007FF61C0BA9E5]\n\t(No symbol) [0x00007FF61C0BB31E]\n\t(No symbol) [0x00007FF61C0D82EF]\n\t(No symbol) [0x00007FF61C14B62B]\n\t(No symbol) [0x00007FF61C126FDA]\n\t(No symbol) [0x00007FF61C13EB82]\n\t(No symbol) [0x00007FF61C126DB3]\n\t(No symbol) [0x00007FF61C0FD2B1]\n\t(No symbol) [0x00007FF61C0FE494]\n\tGetHandleVerifier [0x00007FF61C52EF82+2849794]\n\tGetHandleVerifier [0x00007FF61C581D24+3189156]\n\tGetHandleVerifier [0x00007FF61C57ACAF+3160367]\n\tGetHandleVerifier [0x00007FF61C316D06+653702]\n\t(No symbol) [0x00007FF61C20A208]\n\t(No symbol) [0x00007FF61C2062C4]\n\t(No symbol) [0x00007FF61C2063F6]\n\t(No symbol) [0x00007FF61C1F67A3]\n\tBaseThreadInitThunk [0x00007FFE43FE7614+20]\n\tRtlUserThreadStart [0x00007FFE45E826B1+33]\n\n", "trace": "  File \"C:\\Users\\lmallikarjuna\\AppData\\Local\\Programs\\Python\\Python311\\Lib\\site-packages\\behave\\runner.py\", line 545, in run_hook\n    self.hooks[name](context, *args)\n  File \"features\\environment.py\", line 27, in after_step\n    allure.attach(context.driver.get_screenshot_as_png(),\n                  ^^^^^^^^^^^^^^^^^^^^^^^^^^^^^^^^^^^^^^\n  File \"C:\\Users\\lmallikarjuna\\AppData\\Local\\Programs\\Python\\Python311\\Lib\\site-packages\\selenium\\webdriver\\remote\\webdriver.py\", line 836, in get_screenshot_as_png\n    return b64decode(self.get_screenshot_as_base64().encode(\"ascii\"))\n                     ^^^^^^^^^^^^^^^^^^^^^^^^^^^^^^^\n  File \"C:\\Users\\lmallikarjuna\\AppData\\Local\\Programs\\Python\\Python311\\Lib\\site-packages\\selenium\\webdriver\\remote\\webdriver.py\", line 847, in get_screenshot_as_base64\n    return self.execute(Command.SCREENSHOT)[\"value\"]\n           ^^^^^^^^^^^^^^^^^^^^^^^^^^^^^^^^\n  File \"C:\\Users\\lmallikarjuna\\AppData\\Local\\Programs\\Python\\Python311\\Lib\\site-packages\\selenium\\webdriver\\remote\\webdriver.py\", line 345, in execute\n    self.error_handler.check_response(response)\n  File \"C:\\Users\\lmallikarjuna\\AppData\\Local\\Programs\\Python\\Python311\\Lib\\site-packages\\selenium\\webdriver\\remote\\errorhandler.py\", line 229, in check_response\n    raise exception_class(message, screen, stacktrace)\n"}, "start": 1693458458980, "stop": 1693458519168}, {"name": "When I click on my account and go to payment options and click on manage bank accounts", "status": "skipped", "start": 1693458522129, "stop": 1693458522129}, {"name": "And I enter all the valid details", "status": "skipped", "start": 1693458522129, "stop": 1693458522129}, {"name": "Then account added message should be displayed", "status": "skipped", "start": 1693458522129, "stop": 1693458522129}], "start": 1693458434826, "stop": 1693458522129, "uuid": "4181cbed-5e62-4a83-b88e-c017a38355fb", "historyId": "b34baa758e5039879f5c386138c57b80", "fullName": "add new bank account: adding with valid details", "labels": [{"name": "severity", "value": "normal"}, {"name": "tag", "value": "bank"}, {"name": "feature", "value": "add new bank account"}, {"name": "framework", "value": "behave"}, {"name": "language", "value": "cpython3"}]}