{"name": "Register without providing any details", "status": "broken", "statusDetails": {"message": "selenium.common.exceptions.NoSuchElementException: Message: no such element: Unable to locate element: {\"method\":\"css selector\",\"selector\":\"[id=\"createAccountSubmit\"]\"}\n  (Session info: chrome=115.0.5790.171); For documentation on this error, please visit: https://www.selenium.dev/documentation/webdriver/troubleshooting/errors#no-such-element-exception\nStacktrace:\nBacktrace:\n\tGetHandleVerifier [0x00007FF70B0F4A62+57106]\n\t(No symbol) [0x00007FF70B06CF52]\n\t(No symbol) [0x00007FF70AF3E2CB]\n\t(No symbol) [0x00007FF70AF7786E]\n\t(No symbol) [0x00007FF70AF7795C]\n\t(No symbol) [0x00007FF70AFB0477]\n\t(No symbol) [0x00007FF70AF969FF]\n\t(No symbol) [0x00007FF70AFAE522]\n\t(No symbol) [0x00007FF70AF96793]\n\t(No symbol) [0x00007FF70AF6CE81]\n\t(No symbol) [0x00007FF70AF6E064]\n\tGetHandleVerifier [0x00007FF70B3A4222+2873042]\n\tGetHandleVerifier [0x00007FF70B3F6590+3209792]\n\tGetHandleVerifier [0x00007FF70B3EF3AF+3180639]\n\tGetHandleVerifier [0x00007FF70B185F25+652245]\n\t(No symbol) [0x00007FF70B078618]\n\t(No symbol) [0x00007FF70B0747C4]\n\t(No symbol) [0x00007FF70B0748BC]\n\t(No symbol) [0x00007FF70B064C33]\n\tBaseThreadInitThunk [0x00007FF965F37614+20]\n\tRtlUserThreadStart [0x00007FF967EE26B1+33]\n\n", "trace": "  File \"C:\\Users\\lmallikarjuna\\AppData\\Local\\Programs\\Python\\Python311\\Lib\\site-packages\\behave\\model.py\", line 1329, in run\n    match.run(runner.context)\n  File \"C:\\Users\\lmallikarjuna\\AppData\\Local\\Programs\\Python\\Python311\\Lib\\site-packages\\behave\\matchers.py\", line 98, in run\n    self.func(context, *args, **kwargs)\n  File \"features\\steps\\register.py\", line 12, in step_impl\n    context.register_page.clickOn_create_account()\n  File \"C:\\Users\\lmallikarjuna\\PycharmProjects\\pythonProject\\POC-\\features\\pages\\register_page.py\", line 27, in clickOn_create_account\n    self.click_on_element(\"create_account_submit_id\", self.create_account_submit_id)\n  File \"C:\\Users\\lmallikarjuna\\PycharmProjects\\pythonProject\\POC-\\features\\pages\\BasePage.py\", line 28, in click_on_element\n    element = self.get_element(locator_type, locator_value)\n              ^^^^^^^^^^^^^^^^^^^^^^^^^^^^^^^^^^^^^^^^^^^^^\n  File \"C:\\Users\\lmallikarjuna\\PycharmProjects\\pythonProject\\POC-\\features\\pages\\BasePage.py\", line 40, in get_element\n    element = self.driver.find_element(By.ID, locator_value)\n              ^^^^^^^^^^^^^^^^^^^^^^^^^^^^^^^^^^^^^^^^^^^^^^\n  File \"C:\\Users\\lmallikarjuna\\AppData\\Local\\Programs\\Python\\Python311\\Lib\\site-packages\\selenium\\webdriver\\remote\\webdriver.py\", line 739, in find_element\n    return self.execute(Command.FIND_ELEMENT, {\"using\": by, \"value\": value})[\"value\"]\n           ^^^^^^^^^^^^^^^^^^^^^^^^^^^^^^^^^^^^^^^^^^^^^^^^^^^^^^^^^^^^^^^^^\n  File \"C:\\Users\\lmallikarjuna\\AppData\\Local\\Programs\\Python\\Python311\\Lib\\site-packages\\selenium\\webdriver\\remote\\webdriver.py\", line 345, in execute\n    self.error_handler.check_response(response)\n  File \"C:\\Users\\lmallikarjuna\\AppData\\Local\\Programs\\Python\\Python311\\Lib\\site-packages\\selenium\\webdriver\\remote\\errorhandler.py\", line 229, in check_response\n    raise exception_class(message, screen, stacktrace)\n"}, "steps": [{"name": "Given I navigate to Register Page", "status": "broken", "statusDetails": {"message": "selenium.common.exceptions.NoSuchElementException: Message: no such element: Unable to locate element: {\"method\":\"css selector\",\"selector\":\"[id=\"createAccountSubmit\"]\"}\n  (Session info: chrome=115.0.5790.171); For documentation on this error, please visit: https://www.selenium.dev/documentation/webdriver/troubleshooting/errors#no-such-element-exception\nStacktrace:\nBacktrace:\n\tGetHandleVerifier [0x00007FF70B0F4A62+57106]\n\t(No symbol) [0x00007FF70B06CF52]\n\t(No symbol) [0x00007FF70AF3E2CB]\n\t(No symbol) [0x00007FF70AF7786E]\n\t(No symbol) [0x00007FF70AF7795C]\n\t(No symbol) [0x00007FF70AFB0477]\n\t(No symbol) [0x00007FF70AF969FF]\n\t(No symbol) [0x00007FF70AFAE522]\n\t(No symbol) [0x00007FF70AF96793]\n\t(No symbol) [0x00007FF70AF6CE81]\n\t(No symbol) [0x00007FF70AF6E064]\n\tGetHandleVerifier [0x00007FF70B3A4222+2873042]\n\tGetHandleVerifier [0x00007FF70B3F6590+3209792]\n\tGetHandleVerifier [0x00007FF70B3EF3AF+3180639]\n\tGetHandleVerifier [0x00007FF70B185F25+652245]\n\t(No symbol) [0x00007FF70B078618]\n\t(No symbol) [0x00007FF70B0747C4]\n\t(No symbol) [0x00007FF70B0748BC]\n\t(No symbol) [0x00007FF70B064C33]\n\tBaseThreadInitThunk [0x00007FF965F37614+20]\n\tRtlUserThreadStart [0x00007FF967EE26B1+33]\n\n", "trace": "  File \"C:\\Users\\lmallikarjuna\\AppData\\Local\\Programs\\Python\\Python311\\Lib\\site-packages\\behave\\model.py\", line 1329, in run\n    match.run(runner.context)\n  File \"C:\\Users\\lmallikarjuna\\AppData\\Local\\Programs\\Python\\Python311\\Lib\\site-packages\\behave\\matchers.py\", line 98, in run\n    self.func(context, *args, **kwargs)\n  File \"features\\steps\\register.py\", line 12, in step_impl\n    context.register_page.clickOn_create_account()\n  File \"C:\\Users\\lmallikarjuna\\PycharmProjects\\pythonProject\\POC-\\features\\pages\\register_page.py\", line 27, in clickOn_create_account\n    self.click_on_element(\"create_account_submit_id\", self.create_account_submit_id)\n  File \"C:\\Users\\lmallikarjuna\\PycharmProjects\\pythonProject\\POC-\\features\\pages\\BasePage.py\", line 28, in click_on_element\n    element = self.get_element(locator_type, locator_value)\n              ^^^^^^^^^^^^^^^^^^^^^^^^^^^^^^^^^^^^^^^^^^^^^\n  File \"C:\\Users\\lmallikarjuna\\PycharmProjects\\pythonProject\\POC-\\features\\pages\\BasePage.py\", line 40, in get_element\n    element = self.driver.find_element(By.ID, locator_value)\n              ^^^^^^^^^^^^^^^^^^^^^^^^^^^^^^^^^^^^^^^^^^^^^^\n  File \"C:\\Users\\lmallikarjuna\\AppData\\Local\\Programs\\Python\\Python311\\Lib\\site-packages\\selenium\\webdriver\\remote\\webdriver.py\", line 739, in find_element\n    return self.execute(Command.FIND_ELEMENT, {\"using\": by, \"value\": value})[\"value\"]\n           ^^^^^^^^^^^^^^^^^^^^^^^^^^^^^^^^^^^^^^^^^^^^^^^^^^^^^^^^^^^^^^^^^\n  File \"C:\\Users\\lmallikarjuna\\AppData\\Local\\Programs\\Python\\Python311\\Lib\\site-packages\\selenium\\webdriver\\remote\\webdriver.py\", line 345, in execute\n    self.error_handler.check_response(response)\n  File \"C:\\Users\\lmallikarjuna\\AppData\\Local\\Programs\\Python\\Python311\\Lib\\site-packages\\selenium\\webdriver\\remote\\errorhandler.py\", line 229, in check_response\n    raise exception_class(message, screen, stacktrace)\n"}, "attachments": [{"name": "screenshot", "source": "99783494-b164-4cd2-bbe0-4c30955ef7cb-attachment.png", "type": "image/png"}], "start": 1691652670363, "stop": 1691652677847}, {"name": "When I dont enter anything into the fields", "status": "skipped", "start": 1691652680866, "stop": 1691652680866}, {"name": "And I click on Continue button", "status": "skipped", "start": 1691652680866, "stop": 1691652680866}, {"name": "Then Error warning message should be displayed", "status": "skipped", "start": 1691652680866, "stop": 1691652680866}], "start": 1691652533492, "stop": 1691652680866, "uuid": "08beaed3-dfe5-4bd0-962c-cd6cfd4c327c", "historyId": "25617674ea2c75949c38fee8a7927168", "fullName": "Register Account functionality: Register without providing any details", "labels": [{"name": "severity", "value": "normal"}, {"name": "tag", "value": "register"}, {"name": "feature", "value": "Register Account functionality"}, {"name": "framework", "value": "behave"}, {"name": "language", "value": "cpython3"}]}