{"name": "Login with valid phone number and password -- @1.1 ", "status": "broken", "statusDetails": {"message": "selenium.common.exceptions.NoSuchElementException: Message: no such element: Unable to locate element: {\"method\":\"xpath\",\"selector\":\"//span[text()='Account & Lists']/span[@class='nav-icon nav-arrow']\"}\n  (Session info: chrome=116.0.5845.111); For documentation on this error, please visit: https://www.selenium.dev/documentation/webdriver/troubleshooting/errors#no-such-element-exception\nStacktrace:\n\tGetHandleVerifier [0x00007FF7478A52A2+57122]\n\t(No symbol) [0x00007FF74781EA92]\n\t(No symbol) [0x00007FF7476EE3AB]\n\t(No symbol) [0x00007FF747727D3E]\n\t(No symbol) [0x00007FF747727E2C]\n\t(No symbol) [0x00007FF747760B67]\n\t(No symbol) [0x00007FF74774701F]\n\t(No symbol) [0x00007FF74775EB82]\n\t(No symbol) [0x00007FF747746DB3]\n\t(No symbol) [0x00007FF74771D2B1]\n\t(No symbol) [0x00007FF74771E494]\n\tGetHandleVerifier [0x00007FF747B4EF82+2849794]\n\tGetHandleVerifier [0x00007FF747BA1D24+3189156]\n\tGetHandleVerifier [0x00007FF747B9ACAF+3160367]\n\tGetHandleVerifier [0x00007FF747936D06+653702]\n\t(No symbol) [0x00007FF74782A208]\n\t(No symbol) [0x00007FF7478262C4]\n\t(No symbol) [0x00007FF7478263F6]\n\t(No symbol) [0x00007FF7478167A3]\n\tBaseThreadInitThunk [0x00007FFE43FE7614+20]\n\tRtlUserThreadStart [0x00007FFE45E826B1+33]\n\n", "trace": "  File \"C:\\Users\\lmallikarjuna\\AppData\\Local\\Programs\\Python\\Python311\\Lib\\site-packages\\behave\\model.py\", line 1329, in run\n    match.run(runner.context)\n  File \"C:\\Users\\lmallikarjuna\\AppData\\Local\\Programs\\Python\\Python311\\Lib\\site-packages\\behave\\matchers.py\", line 98, in run\n    self.func(context, *args, **kwargs)\n  File \"features\\steps\\login.py\", line 25, in step_impl\n    context.verify_login.verifying_login()\n  File \"D:\\POC-\\features\\pages\\main_page.py\", line 16, in verifying_login\n    self.Action_chain(\"account_xpath\", self.account_xpath)\n  File \"D:\\POC-\\features\\pages\\BasePage.py\", line 27, in Action_chain\n    element = self.get_element(locator_type, locator_value)\n              ^^^^^^^^^^^^^^^^^^^^^^^^^^^^^^^^^^^^^^^^^^^^^\n  File \"D:\\POC-\\features\\pages\\BasePage.py\", line 46, in get_element\n    element = self.driver.find_element(By.XPATH, locator_value)\n              ^^^^^^^^^^^^^^^^^^^^^^^^^^^^^^^^^^^^^^^^^^^^^^^^^\n  File \"C:\\Users\\lmallikarjuna\\AppData\\Local\\Programs\\Python\\Python311\\Lib\\site-packages\\selenium\\webdriver\\remote\\webdriver.py\", line 739, in find_element\n    return self.execute(Command.FIND_ELEMENT, {\"using\": by, \"value\": value})[\"value\"]\n           ^^^^^^^^^^^^^^^^^^^^^^^^^^^^^^^^^^^^^^^^^^^^^^^^^^^^^^^^^^^^^^^^^\n  File \"C:\\Users\\lmallikarjuna\\AppData\\Local\\Programs\\Python\\Python311\\Lib\\site-packages\\selenium\\webdriver\\remote\\webdriver.py\", line 345, in execute\n    self.error_handler.check_response(response)\n  File \"C:\\Users\\lmallikarjuna\\AppData\\Local\\Programs\\Python\\Python311\\Lib\\site-packages\\selenium\\webdriver\\remote\\errorhandler.py\", line 229, in check_response\n    raise exception_class(message, screen, stacktrace)\n"}, "steps": [{"name": "Given I navigated to Login page", "status": "passed", "start": 1693395511190, "stop": 1693395515236}, {"name": "When I enter valid phone number as \"8105000676\" and valid password as \"Loki@1234\" into the fields", "status": "passed", "start": 1693395515236, "stop": 1693395523262}, {"name": "And I click on Login button", "status": "passed", "start": 1693395523262, "stop": 1693395523366}, {"name": "Then I should get logged in", "status": "broken", "statusDetails": {"message": "selenium.common.exceptions.NoSuchElementException: Message: no such element: Unable to locate element: {\"method\":\"xpath\",\"selector\":\"//span[text()='Account & Lists']/span[@class='nav-icon nav-arrow']\"}\n  (Session info: chrome=116.0.5845.111); For documentation on this error, please visit: https://www.selenium.dev/documentation/webdriver/troubleshooting/errors#no-such-element-exception\nStacktrace:\n\tGetHandleVerifier [0x00007FF7478A52A2+57122]\n\t(No symbol) [0x00007FF74781EA92]\n\t(No symbol) [0x00007FF7476EE3AB]\n\t(No symbol) [0x00007FF747727D3E]\n\t(No symbol) [0x00007FF747727E2C]\n\t(No symbol) [0x00007FF747760B67]\n\t(No symbol) [0x00007FF74774701F]\n\t(No symbol) [0x00007FF74775EB82]\n\t(No symbol) [0x00007FF747746DB3]\n\t(No symbol) [0x00007FF74771D2B1]\n\t(No symbol) [0x00007FF74771E494]\n\tGetHandleVerifier [0x00007FF747B4EF82+2849794]\n\tGetHandleVerifier [0x00007FF747BA1D24+3189156]\n\tGetHandleVerifier [0x00007FF747B9ACAF+3160367]\n\tGetHandleVerifier [0x00007FF747936D06+653702]\n\t(No symbol) [0x00007FF74782A208]\n\t(No symbol) [0x00007FF7478262C4]\n\t(No symbol) [0x00007FF7478263F6]\n\t(No symbol) [0x00007FF7478167A3]\n\tBaseThreadInitThunk [0x00007FFE43FE7614+20]\n\tRtlUserThreadStart [0x00007FFE45E826B1+33]\n\n", "trace": "  File \"C:\\Users\\lmallikarjuna\\AppData\\Local\\Programs\\Python\\Python311\\Lib\\site-packages\\behave\\model.py\", line 1329, in run\n    match.run(runner.context)\n  File \"C:\\Users\\lmallikarjuna\\AppData\\Local\\Programs\\Python\\Python311\\Lib\\site-packages\\behave\\matchers.py\", line 98, in run\n    self.func(context, *args, **kwargs)\n  File \"features\\steps\\login.py\", line 25, in step_impl\n    context.verify_login.verifying_login()\n  File \"D:\\POC-\\features\\pages\\main_page.py\", line 16, in verifying_login\n    self.Action_chain(\"account_xpath\", self.account_xpath)\n  File \"D:\\POC-\\features\\pages\\BasePage.py\", line 27, in Action_chain\n    element = self.get_element(locator_type, locator_value)\n              ^^^^^^^^^^^^^^^^^^^^^^^^^^^^^^^^^^^^^^^^^^^^^\n  File \"D:\\POC-\\features\\pages\\BasePage.py\", line 46, in get_element\n    element = self.driver.find_element(By.XPATH, locator_value)\n              ^^^^^^^^^^^^^^^^^^^^^^^^^^^^^^^^^^^^^^^^^^^^^^^^^\n  File \"C:\\Users\\lmallikarjuna\\AppData\\Local\\Programs\\Python\\Python311\\Lib\\site-packages\\selenium\\webdriver\\remote\\webdriver.py\", line 739, in find_element\n    return self.execute(Command.FIND_ELEMENT, {\"using\": by, \"value\": value})[\"value\"]\n           ^^^^^^^^^^^^^^^^^^^^^^^^^^^^^^^^^^^^^^^^^^^^^^^^^^^^^^^^^^^^^^^^^\n  File \"C:\\Users\\lmallikarjuna\\AppData\\Local\\Programs\\Python\\Python311\\Lib\\site-packages\\selenium\\webdriver\\remote\\webdriver.py\", line 345, in execute\n    self.error_handler.check_response(response)\n  File \"C:\\Users\\lmallikarjuna\\AppData\\Local\\Programs\\Python\\Python311\\Lib\\site-packages\\selenium\\webdriver\\remote\\errorhandler.py\", line 229, in check_response\n    raise exception_class(message, screen, stacktrace)\n"}, "attachments": [{"name": "screenshot", "source": "780f16f8-69cc-442f-b029-2bf44b4beb24-attachment.png", "type": "image/png"}], "start": 1693395523366, "stop": 1693395550560}], "parameters": [{"name": "number", "value": "8105000676"}, {"name": "password", "value": "Loki@1234"}], "start": 1693395484050, "stop": 1693395553984, "uuid": "bbaa3d6e-89c7-4d49-a358-14a7b3e528d0", "historyId": "aa0a6f1a55c37fbffdea15f4e9a87916", "fullName": "Login Functionality: Login with valid phone number and password", "labels": [{"name": "severity", "value": "normal"}, {"name": "tag", "value": "login"}, {"name": "feature", "value": "Login Functionality"}, {"name": "framework", "value": "behave"}, {"name": "language", "value": "cpython3"}]}