{"name": "Search for a valid product", "status": "broken", "statusDetails": {"message": "selenium.common.exceptions.NoSuchElementException: Message: no such element: Unable to locate element: {\"method\":\"xpath\",\"selector\":\"//a[.='Apple iPhone 14 Pro Max (256 GB) - Gold']\"}\n  (Session info: chrome=115.0.5790.171); For documentation on this error, please visit: https://www.selenium.dev/documentation/webdriver/troubleshooting/errors#no-such-element-exception\nStacktrace:\nBacktrace:\n\tGetHandleVerifier [0x00007FF674144A62+57106]\n\t(No symbol) [0x00007FF6740BCF52]\n\t(No symbol) [0x00007FF673F8E2CB]\n\t(No symbol) [0x00007FF673FC786E]\n\t(No symbol) [0x00007FF673FC795C]\n\t(No symbol) [0x00007FF674000477]\n\t(No symbol) [0x00007FF673FE69FF]\n\t(No symbol) [0x00007FF673FFE522]\n\t(No symbol) [0x00007FF673FE6793]\n\t(No symbol) [0x00007FF673FBCE81]\n\t(No symbol) [0x00007FF673FBE064]\n\tGetHandleVerifier [0x00007FF6743F4222+2873042]\n\tGetHandleVerifier [0x00007FF674446590+3209792]\n\tGetHandleVerifier [0x00007FF67443F3AF+3180639]\n\tGetHandleVerifier [0x00007FF6741D5F25+652245]\n\t(No symbol) [0x00007FF6740C8618]\n\t(No symbol) [0x00007FF6740C47C4]\n\t(No symbol) [0x00007FF6740C48BC]\n\t(No symbol) [0x00007FF6740B4C33]\n\tBaseThreadInitThunk [0x00007FF965F37614+20]\n\tRtlUserThreadStart [0x00007FF967EE26B1+33]\n\n", "trace": "  File \"C:\\Users\\lmallikarjuna\\AppData\\Local\\Programs\\Python\\Python311\\Lib\\site-packages\\behave\\model.py\", line 1329, in run\n    match.run(runner.context)\n  File \"C:\\Users\\lmallikarjuna\\AppData\\Local\\Programs\\Python\\Python311\\Lib\\site-packages\\behave\\matchers.py\", line 98, in run\n    self.func(context, *args, **kwargs)\n  File \"features\\steps\\search.py\", line 23, in step_impl\n    context.search_page.verify_search(\"Apple iPhone 14 Pro Max (256 GB) - Gold\")\n  File \"C:\\Users\\lmallikarjuna\\PycharmProjects\\pythonProject\\POC-\\features\\pages\\search_page.py\", line 16, in verify_search\n    return self.text_equal(\"search_xpath\", self.search_xpath, a)\n           ^^^^^^^^^^^^^^^^^^^^^^^^^^^^^^^^^^^^^^^^^^^^^^^^^^^^^\n  File \"C:\\Users\\lmallikarjuna\\PycharmProjects\\pythonProject\\POC-\\features\\pages\\BasePage.py\", line 19, in text_equal\n    element = self.get_element(locator_type, locator_value)\n              ^^^^^^^^^^^^^^^^^^^^^^^^^^^^^^^^^^^^^^^^^^^^^\n  File \"C:\\Users\\lmallikarjuna\\PycharmProjects\\pythonProject\\POC-\\features\\pages\\BasePage.py\", line 42, in get_element\n    element = self.driver.find_element(By.XPATH, locator_value)\n              ^^^^^^^^^^^^^^^^^^^^^^^^^^^^^^^^^^^^^^^^^^^^^^^^^\n  File \"C:\\Users\\lmallikarjuna\\AppData\\Local\\Programs\\Python\\Python311\\Lib\\site-packages\\selenium\\webdriver\\remote\\webdriver.py\", line 739, in find_element\n    return self.execute(Command.FIND_ELEMENT, {\"using\": by, \"value\": value})[\"value\"]\n           ^^^^^^^^^^^^^^^^^^^^^^^^^^^^^^^^^^^^^^^^^^^^^^^^^^^^^^^^^^^^^^^^^\n  File \"C:\\Users\\lmallikarjuna\\AppData\\Local\\Programs\\Python\\Python311\\Lib\\site-packages\\selenium\\webdriver\\remote\\webdriver.py\", line 345, in execute\n    self.error_handler.check_response(response)\n  File \"C:\\Users\\lmallikarjuna\\AppData\\Local\\Programs\\Python\\Python311\\Lib\\site-packages\\selenium\\webdriver\\remote\\errorhandler.py\", line 229, in check_response\n    raise exception_class(message, screen, stacktrace)\n"}, "steps": [{"name": "Given I got navigated to Home page", "status": "passed", "start": 1691579477202, "stop": 1691579477249}, {"name": "When I enter valid product say \"Apple iphone 14 pro max 256gb gold\" into the Search box field", "status": "passed", "start": 1691579477249, "stop": 1691579477740}, {"name": "And I click on Search button", "status": "passed", "start": 1691579477740, "stop": 1691579504462}, {"name": "Then Valid product should get displayed in Search results", "status": "broken", "statusDetails": {"message": "selenium.common.exceptions.NoSuchElementException: Message: no such element: Unable to locate element: {\"method\":\"xpath\",\"selector\":\"//a[.='Apple iPhone 14 Pro Max (256 GB) - Gold']\"}\n  (Session info: chrome=115.0.5790.171); For documentation on this error, please visit: https://www.selenium.dev/documentation/webdriver/troubleshooting/errors#no-such-element-exception\nStacktrace:\nBacktrace:\n\tGetHandleVerifier [0x00007FF674144A62+57106]\n\t(No symbol) [0x00007FF6740BCF52]\n\t(No symbol) [0x00007FF673F8E2CB]\n\t(No symbol) [0x00007FF673FC786E]\n\t(No symbol) [0x00007FF673FC795C]\n\t(No symbol) [0x00007FF674000477]\n\t(No symbol) [0x00007FF673FE69FF]\n\t(No symbol) [0x00007FF673FFE522]\n\t(No symbol) [0x00007FF673FE6793]\n\t(No symbol) [0x00007FF673FBCE81]\n\t(No symbol) [0x00007FF673FBE064]\n\tGetHandleVerifier [0x00007FF6743F4222+2873042]\n\tGetHandleVerifier [0x00007FF674446590+3209792]\n\tGetHandleVerifier [0x00007FF67443F3AF+3180639]\n\tGetHandleVerifier [0x00007FF6741D5F25+652245]\n\t(No symbol) [0x00007FF6740C8618]\n\t(No symbol) [0x00007FF6740C47C4]\n\t(No symbol) [0x00007FF6740C48BC]\n\t(No symbol) [0x00007FF6740B4C33]\n\tBaseThreadInitThunk [0x00007FF965F37614+20]\n\tRtlUserThreadStart [0x00007FF967EE26B1+33]\n\n", "trace": "  File \"C:\\Users\\lmallikarjuna\\AppData\\Local\\Programs\\Python\\Python311\\Lib\\site-packages\\behave\\model.py\", line 1329, in run\n    match.run(runner.context)\n  File \"C:\\Users\\lmallikarjuna\\AppData\\Local\\Programs\\Python\\Python311\\Lib\\site-packages\\behave\\matchers.py\", line 98, in run\n    self.func(context, *args, **kwargs)\n  File \"features\\steps\\search.py\", line 23, in step_impl\n    context.search_page.verify_search(\"Apple iPhone 14 Pro Max (256 GB) - Gold\")\n  File \"C:\\Users\\lmallikarjuna\\PycharmProjects\\pythonProject\\POC-\\features\\pages\\search_page.py\", line 16, in verify_search\n    return self.text_equal(\"search_xpath\", self.search_xpath, a)\n           ^^^^^^^^^^^^^^^^^^^^^^^^^^^^^^^^^^^^^^^^^^^^^^^^^^^^^\n  File \"C:\\Users\\lmallikarjuna\\PycharmProjects\\pythonProject\\POC-\\features\\pages\\BasePage.py\", line 19, in text_equal\n    element = self.get_element(locator_type, locator_value)\n              ^^^^^^^^^^^^^^^^^^^^^^^^^^^^^^^^^^^^^^^^^^^^^\n  File \"C:\\Users\\lmallikarjuna\\PycharmProjects\\pythonProject\\POC-\\features\\pages\\BasePage.py\", line 42, in get_element\n    element = self.driver.find_element(By.XPATH, locator_value)\n              ^^^^^^^^^^^^^^^^^^^^^^^^^^^^^^^^^^^^^^^^^^^^^^^^^\n  File \"C:\\Users\\lmallikarjuna\\AppData\\Local\\Programs\\Python\\Python311\\Lib\\site-packages\\selenium\\webdriver\\remote\\webdriver.py\", line 739, in find_element\n    return self.execute(Command.FIND_ELEMENT, {\"using\": by, \"value\": value})[\"value\"]\n           ^^^^^^^^^^^^^^^^^^^^^^^^^^^^^^^^^^^^^^^^^^^^^^^^^^^^^^^^^^^^^^^^^\n  File \"C:\\Users\\lmallikarjuna\\AppData\\Local\\Programs\\Python\\Python311\\Lib\\site-packages\\selenium\\webdriver\\remote\\webdriver.py\", line 345, in execute\n    self.error_handler.check_response(response)\n  File \"C:\\Users\\lmallikarjuna\\AppData\\Local\\Programs\\Python\\Python311\\Lib\\site-packages\\selenium\\webdriver\\remote\\errorhandler.py\", line 229, in check_response\n    raise exception_class(message, screen, stacktrace)\n"}, "attachments": [{"name": "screenshot", "source": "f3408603-adc2-4440-a44a-e4faaadd4c35-attachment.png", "type": "image/png"}], "start": 1691579504462, "stop": 1691579504684}], "start": 1691579425739, "stop": 1691579507732, "uuid": "86e4b04d-a3fe-4fd4-a44f-91eb8b1e7eed", "historyId": "e6545e1bbfc9bca72202492b8ac2eee1", "fullName": "Search functionality: Search for a valid product", "labels": [{"name": "severity", "value": "normal"}, {"name": "tag", "value": "search"}, {"name": "feature", "value": "Search functionality"}, {"name": "framework", "value": "behave"}, {"name": "language", "value": "cpython3"}]}