{"name": "Search without entering any product", "status": "broken", "statusDetails": {"message": "selenium.common.exceptions.NoSuchElementException: Message: no such element: Unable to locate element: {\"method\":\"xpath\",\"selector\":\"//div[@id='nav-logo']\"}\n  (Session info: chrome=115.0.5790.171); For documentation on this error, please visit: https://www.selenium.dev/documentation/webdriver/troubleshooting/errors#no-such-element-exception\nStacktrace:\nBacktrace:\n\tGetHandleVerifier [0x00007FF674144A62+57106]\n\t(No symbol) [0x00007FF6740BCF52]\n\t(No symbol) [0x00007FF673F8E2CB]\n\t(No symbol) [0x00007FF673FC786E]\n\t(No symbol) [0x00007FF673FC795C]\n\t(No symbol) [0x00007FF674000477]\n\t(No symbol) [0x00007FF673FE69FF]\n\t(No symbol) [0x00007FF673FFE522]\n\t(No symbol) [0x00007FF673FE6793]\n\t(No symbol) [0x00007FF673FBCE81]\n\t(No symbol) [0x00007FF673FBE064]\n\tGetHandleVerifier [0x00007FF6743F4222+2873042]\n\tGetHandleVerifier [0x00007FF674446590+3209792]\n\tGetHandleVerifier [0x00007FF67443F3AF+3180639]\n\tGetHandleVerifier [0x00007FF6741D5F25+652245]\n\t(No symbol) [0x00007FF6740C8618]\n\t(No symbol) [0x00007FF6740C47C4]\n\t(No symbol) [0x00007FF6740C48BC]\n\t(No symbol) [0x00007FF6740B4C33]\n\tBaseThreadInitThunk [0x00007FF965F37614+20]\n\tRtlUserThreadStart [0x00007FF967EE26B1+33]\n\n", "trace": "  File \"C:\\Users\\lmallikarjuna\\AppData\\Local\\Programs\\Python\\Python311\\Lib\\site-packages\\behave\\model.py\", line 1329, in run\n    match.run(runner.context)\n  File \"C:\\Users\\lmallikarjuna\\AppData\\Local\\Programs\\Python\\Python311\\Lib\\site-packages\\behave\\matchers.py\", line 98, in run\n    self.func(context, *args, **kwargs)\n  File \"features\\steps\\search.py\", line 8, in step_impl\n    assert context.home_page.check_homepage_display()\n           ^^^^^^^^^^^^^^^^^^^^^^^^^^^^^^^^^^^^^^^^^^\n  File \"C:\\Users\\lmallikarjuna\\PycharmProjects\\pythonProject\\POC-\\features\\pages\\home_page.py\", line 21, in check_homepage_display\n    return self.display(\"homepage_display_xpath\", self.homepage_display_xpath)\n           ^^^^^^^^^^^^^^^^^^^^^^^^^^^^^^^^^^^^^^^^^^^^^^^^^^^^^^^^^^^^^^^^^^^\n  File \"C:\\Users\\lmallikarjuna\\PycharmProjects\\pythonProject\\POC-\\features\\pages\\BasePage.py\", line 11, in display\n    element = self.get_element(locator_type, locator_value)\n              ^^^^^^^^^^^^^^^^^^^^^^^^^^^^^^^^^^^^^^^^^^^^^\n  File \"C:\\Users\\lmallikarjuna\\PycharmProjects\\pythonProject\\POC-\\features\\pages\\BasePage.py\", line 42, in get_element\n    element = self.driver.find_element(By.XPATH, locator_value)\n              ^^^^^^^^^^^^^^^^^^^^^^^^^^^^^^^^^^^^^^^^^^^^^^^^^\n  File \"C:\\Users\\lmallikarjuna\\AppData\\Local\\Programs\\Python\\Python311\\Lib\\site-packages\\selenium\\webdriver\\remote\\webdriver.py\", line 739, in find_element\n    return self.execute(Command.FIND_ELEMENT, {\"using\": by, \"value\": value})[\"value\"]\n           ^^^^^^^^^^^^^^^^^^^^^^^^^^^^^^^^^^^^^^^^^^^^^^^^^^^^^^^^^^^^^^^^^\n  File \"C:\\Users\\lmallikarjuna\\AppData\\Local\\Programs\\Python\\Python311\\Lib\\site-packages\\selenium\\webdriver\\remote\\webdriver.py\", line 345, in execute\n    self.error_handler.check_response(response)\n  File \"C:\\Users\\lmallikarjuna\\AppData\\Local\\Programs\\Python\\Python311\\Lib\\site-packages\\selenium\\webdriver\\remote\\errorhandler.py\", line 229, in check_response\n    raise exception_class(message, screen, stacktrace)\n"}, "steps": [{"name": "Given I got navigated to Home page", "status": "broken", "statusDetails": {"message": "selenium.common.exceptions.NoSuchElementException: Message: no such element: Unable to locate element: {\"method\":\"xpath\",\"selector\":\"//div[@id='nav-logo']\"}\n  (Session info: chrome=115.0.5790.171); For documentation on this error, please visit: https://www.selenium.dev/documentation/webdriver/troubleshooting/errors#no-such-element-exception\nStacktrace:\nBacktrace:\n\tGetHandleVerifier [0x00007FF674144A62+57106]\n\t(No symbol) [0x00007FF6740BCF52]\n\t(No symbol) [0x00007FF673F8E2CB]\n\t(No symbol) [0x00007FF673FC786E]\n\t(No symbol) [0x00007FF673FC795C]\n\t(No symbol) [0x00007FF674000477]\n\t(No symbol) [0x00007FF673FE69FF]\n\t(No symbol) [0x00007FF673FFE522]\n\t(No symbol) [0x00007FF673FE6793]\n\t(No symbol) [0x00007FF673FBCE81]\n\t(No symbol) [0x00007FF673FBE064]\n\tGetHandleVerifier [0x00007FF6743F4222+2873042]\n\tGetHandleVerifier [0x00007FF674446590+3209792]\n\tGetHandleVerifier [0x00007FF67443F3AF+3180639]\n\tGetHandleVerifier [0x00007FF6741D5F25+652245]\n\t(No symbol) [0x00007FF6740C8618]\n\t(No symbol) [0x00007FF6740C47C4]\n\t(No symbol) [0x00007FF6740C48BC]\n\t(No symbol) [0x00007FF6740B4C33]\n\tBaseThreadInitThunk [0x00007FF965F37614+20]\n\tRtlUserThreadStart [0x00007FF967EE26B1+33]\n\n", "trace": "  File \"C:\\Users\\lmallikarjuna\\AppData\\Local\\Programs\\Python\\Python311\\Lib\\site-packages\\behave\\model.py\", line 1329, in run\n    match.run(runner.context)\n  File \"C:\\Users\\lmallikarjuna\\AppData\\Local\\Programs\\Python\\Python311\\Lib\\site-packages\\behave\\matchers.py\", line 98, in run\n    self.func(context, *args, **kwargs)\n  File \"features\\steps\\search.py\", line 8, in step_impl\n    assert context.home_page.check_homepage_display()\n           ^^^^^^^^^^^^^^^^^^^^^^^^^^^^^^^^^^^^^^^^^^\n  File \"C:\\Users\\lmallikarjuna\\PycharmProjects\\pythonProject\\POC-\\features\\pages\\home_page.py\", line 21, in check_homepage_display\n    return self.display(\"homepage_display_xpath\", self.homepage_display_xpath)\n           ^^^^^^^^^^^^^^^^^^^^^^^^^^^^^^^^^^^^^^^^^^^^^^^^^^^^^^^^^^^^^^^^^^^\n  File \"C:\\Users\\lmallikarjuna\\PycharmProjects\\pythonProject\\POC-\\features\\pages\\BasePage.py\", line 11, in display\n    element = self.get_element(locator_type, locator_value)\n              ^^^^^^^^^^^^^^^^^^^^^^^^^^^^^^^^^^^^^^^^^^^^^\n  File \"C:\\Users\\lmallikarjuna\\PycharmProjects\\pythonProject\\POC-\\features\\pages\\BasePage.py\", line 42, in get_element\n    element = self.driver.find_element(By.XPATH, locator_value)\n              ^^^^^^^^^^^^^^^^^^^^^^^^^^^^^^^^^^^^^^^^^^^^^^^^^\n  File \"C:\\Users\\lmallikarjuna\\AppData\\Local\\Programs\\Python\\Python311\\Lib\\site-packages\\selenium\\webdriver\\remote\\webdriver.py\", line 739, in find_element\n    return self.execute(Command.FIND_ELEMENT, {\"using\": by, \"value\": value})[\"value\"]\n           ^^^^^^^^^^^^^^^^^^^^^^^^^^^^^^^^^^^^^^^^^^^^^^^^^^^^^^^^^^^^^^^^^\n  File \"C:\\Users\\lmallikarjuna\\AppData\\Local\\Programs\\Python\\Python311\\Lib\\site-packages\\selenium\\webdriver\\remote\\webdriver.py\", line 345, in execute\n    self.error_handler.check_response(response)\n  File \"C:\\Users\\lmallikarjuna\\AppData\\Local\\Programs\\Python\\Python311\\Lib\\site-packages\\selenium\\webdriver\\remote\\errorhandler.py\", line 229, in check_response\n    raise exception_class(message, screen, stacktrace)\n"}, "attachments": [{"name": "screenshot", "source": "2cca7a9c-c380-44a9-bc48-9e73201fab60-attachment.png", "type": "image/png"}], "start": 1691564336304, "stop": 1691564336485}, {"name": "When I dont enter anything into Search box field", "status": "skipped", "start": 1691564339204, "stop": 1691564339204}, {"name": "And I click on Search button", "status": "skipped", "start": 1691564339204, "stop": 1691564339204}, {"name": "Then Proper message should be displayed in Search results on search page", "status": "skipped", "start": 1691564339204, "stop": 1691564339204}], "start": 1691564330579, "stop": 1691564339204, "uuid": "847b413e-a6bf-4da2-a0aa-0548519085b7", "historyId": "e472b38b64c822322335249528407d26", "fullName": "Search functionality: Search without entering any product", "labels": [{"name": "severity", "value": "normal"}, {"name": "tag", "value": "search"}, {"name": "feature", "value": "Search functionality"}, {"name": "framework", "value": "behave"}, {"name": "language", "value": "cpython3"}]}