{"name": "Register with mandatory fields", "status": "broken", "statusDetails": {"message": "selenium.common.exceptions.NoSuchElementException: Message: no such element: Unable to locate element: {\"method\":\"xpath\",\"selector\":\"//span[text()='Account & Lists']/span[@class='nav-icon nav-arrow']\"}\n  (Session info: chrome=115.0.5790.171); For documentation on this error, please visit: https://www.selenium.dev/documentation/webdriver/troubleshooting/errors#no-such-element-exception\nStacktrace:\nBacktrace:\n\tGetHandleVerifier [0x00007FF674144A62+57106]\n\t(No symbol) [0x00007FF6740BCF52]\n\t(No symbol) [0x00007FF673F8E2CB]\n\t(No symbol) [0x00007FF673FC786E]\n\t(No symbol) [0x00007FF673FC795C]\n\t(No symbol) [0x00007FF674000477]\n\t(No symbol) [0x00007FF673FE69FF]\n\t(No symbol) [0x00007FF673FFE522]\n\t(No symbol) [0x00007FF673FE6793]\n\t(No symbol) [0x00007FF673FBCE81]\n\t(No symbol) [0x00007FF673FBE064]\n\tGetHandleVerifier [0x00007FF6743F4222+2873042]\n\tGetHandleVerifier [0x00007FF674446590+3209792]\n\tGetHandleVerifier [0x00007FF67443F3AF+3180639]\n\tGetHandleVerifier [0x00007FF6741D5F25+652245]\n\t(No symbol) [0x00007FF6740C8618]\n\t(No symbol) [0x00007FF6740C47C4]\n\t(No symbol) [0x00007FF6740C48BC]\n\t(No symbol) [0x00007FF6740B4C33]\n\tBaseThreadInitThunk [0x00007FF965F37614+20]\n\tRtlUserThreadStart [0x00007FF967EE26B1+33]\n\n", "trace": "  File \"C:\\Users\\lmallikarjuna\\AppData\\Local\\Programs\\Python\\Python311\\Lib\\site-packages\\behave\\model.py\", line 1329, in run\n    match.run(runner.context)\n  File \"C:\\Users\\lmallikarjuna\\AppData\\Local\\Programs\\Python\\Python311\\Lib\\site-packages\\behave\\matchers.py\", line 98, in run\n    self.func(context, *args, **kwargs)\n  File \"features\\steps\\register.py\", line 28, in step_impl\n    assert context.register_page.verifying_accountCreation(\"Sign Out\")\n           ^^^^^^^^^^^^^^^^^^^^^^^^^^^^^^^^^^^^^^^^^^^^^^^^^^^^^^^^^^^\n  File \"C:\\Users\\lmallikarjuna\\PycharmProjects\\pythonProject\\POC-\\features\\pages\\register_page.py\", line 40, in verifying_accountCreation\n    return self.text_equal(\"sign_out_xpath\", self.sign_out_xpath, a)\n  File \"C:\\Users\\lmallikarjuna\\PycharmProjects\\pythonProject\\POC-\\features\\pages\\BasePage.py\", line 23, in Action_chain\n    element = self.get_element(locator_type, locator_value)\n              ^^^^^^^^^^^^^^^^^^^^^^^^^^^^^^^^^^^^^^^^^^^^^\n  File \"C:\\Users\\lmallikarjuna\\PycharmProjects\\pythonProject\\POC-\\features\\pages\\BasePage.py\", line 42, in get_element\n    element = self.driver.find_element(By.XPATH, locator_value)\n              ^^^^^^^^^^^^^^^^^^^^^^^^^^^^^^^^^^^^^^^^^^^^^^^^^\n  File \"C:\\Users\\lmallikarjuna\\AppData\\Local\\Programs\\Python\\Python311\\Lib\\site-packages\\selenium\\webdriver\\remote\\webdriver.py\", line 739, in find_element\n    return self.execute(Command.FIND_ELEMENT, {\"using\": by, \"value\": value})[\"value\"]\n           ^^^^^^^^^^^^^^^^^^^^^^^^^^^^^^^^^^^^^^^^^^^^^^^^^^^^^^^^^^^^^^^^^\n  File \"C:\\Users\\lmallikarjuna\\AppData\\Local\\Programs\\Python\\Python311\\Lib\\site-packages\\selenium\\webdriver\\remote\\webdriver.py\", line 345, in execute\n    self.error_handler.check_response(response)\n  File \"C:\\Users\\lmallikarjuna\\AppData\\Local\\Programs\\Python\\Python311\\Lib\\site-packages\\selenium\\webdriver\\remote\\errorhandler.py\", line 229, in check_response\n    raise exception_class(message, screen, stacktrace)\n"}, "steps": [{"name": "Given I navigate to Register Page", "status": "passed", "start": 1691579359569, "stop": 1691579363464}, {"name": "When I enter below details into mandatory fields", "status": "passed", "attachments": [{"name": ".table", "source": "a2e8b620-a9d3-4f28-a849-e68a4683f524-attachment.csv", "type": "text/csv"}], "start": 1691579363464, "stop": 1691579363977}, {"name": "And I click on Continue button", "status": "passed", "start": 1691579363977, "stop": 1691579366245}, {"name": "Then Account should get created", "status": "broken", "statusDetails": {"message": "selenium.common.exceptions.NoSuchElementException: Message: no such element: Unable to locate element: {\"method\":\"xpath\",\"selector\":\"//span[text()='Account & Lists']/span[@class='nav-icon nav-arrow']\"}\n  (Session info: chrome=115.0.5790.171); For documentation on this error, please visit: https://www.selenium.dev/documentation/webdriver/troubleshooting/errors#no-such-element-exception\nStacktrace:\nBacktrace:\n\tGetHandleVerifier [0x00007FF674144A62+57106]\n\t(No symbol) [0x00007FF6740BCF52]\n\t(No symbol) [0x00007FF673F8E2CB]\n\t(No symbol) [0x00007FF673FC786E]\n\t(No symbol) [0x00007FF673FC795C]\n\t(No symbol) [0x00007FF674000477]\n\t(No symbol) [0x00007FF673FE69FF]\n\t(No symbol) [0x00007FF673FFE522]\n\t(No symbol) [0x00007FF673FE6793]\n\t(No symbol) [0x00007FF673FBCE81]\n\t(No symbol) [0x00007FF673FBE064]\n\tGetHandleVerifier [0x00007FF6743F4222+2873042]\n\tGetHandleVerifier [0x00007FF674446590+3209792]\n\tGetHandleVerifier [0x00007FF67443F3AF+3180639]\n\tGetHandleVerifier [0x00007FF6741D5F25+652245]\n\t(No symbol) [0x00007FF6740C8618]\n\t(No symbol) [0x00007FF6740C47C4]\n\t(No symbol) [0x00007FF6740C48BC]\n\t(No symbol) [0x00007FF6740B4C33]\n\tBaseThreadInitThunk [0x00007FF965F37614+20]\n\tRtlUserThreadStart [0x00007FF967EE26B1+33]\n\n", "trace": "  File \"C:\\Users\\lmallikarjuna\\AppData\\Local\\Programs\\Python\\Python311\\Lib\\site-packages\\behave\\model.py\", line 1329, in run\n    match.run(runner.context)\n  File \"C:\\Users\\lmallikarjuna\\AppData\\Local\\Programs\\Python\\Python311\\Lib\\site-packages\\behave\\matchers.py\", line 98, in run\n    self.func(context, *args, **kwargs)\n  File \"features\\steps\\register.py\", line 28, in step_impl\n    assert context.register_page.verifying_accountCreation(\"Sign Out\")\n           ^^^^^^^^^^^^^^^^^^^^^^^^^^^^^^^^^^^^^^^^^^^^^^^^^^^^^^^^^^^\n  File \"C:\\Users\\lmallikarjuna\\PycharmProjects\\pythonProject\\POC-\\features\\pages\\register_page.py\", line 40, in verifying_accountCreation\n    return self.text_equal(\"sign_out_xpath\", self.sign_out_xpath, a)\n  File \"C:\\Users\\lmallikarjuna\\PycharmProjects\\pythonProject\\POC-\\features\\pages\\BasePage.py\", line 23, in Action_chain\n    element = self.get_element(locator_type, locator_value)\n              ^^^^^^^^^^^^^^^^^^^^^^^^^^^^^^^^^^^^^^^^^^^^^\n  File \"C:\\Users\\lmallikarjuna\\PycharmProjects\\pythonProject\\POC-\\features\\pages\\BasePage.py\", line 42, in get_element\n    element = self.driver.find_element(By.XPATH, locator_value)\n              ^^^^^^^^^^^^^^^^^^^^^^^^^^^^^^^^^^^^^^^^^^^^^^^^^\n  File \"C:\\Users\\lmallikarjuna\\AppData\\Local\\Programs\\Python\\Python311\\Lib\\site-packages\\selenium\\webdriver\\remote\\webdriver.py\", line 739, in find_element\n    return self.execute(Command.FIND_ELEMENT, {\"using\": by, \"value\": value})[\"value\"]\n           ^^^^^^^^^^^^^^^^^^^^^^^^^^^^^^^^^^^^^^^^^^^^^^^^^^^^^^^^^^^^^^^^^\n  File \"C:\\Users\\lmallikarjuna\\AppData\\Local\\Programs\\Python\\Python311\\Lib\\site-packages\\selenium\\webdriver\\remote\\webdriver.py\", line 345, in execute\n    self.error_handler.check_response(response)\n  File \"C:\\Users\\lmallikarjuna\\AppData\\Local\\Programs\\Python\\Python311\\Lib\\site-packages\\selenium\\webdriver\\remote\\errorhandler.py\", line 229, in check_response\n    raise exception_class(message, screen, stacktrace)\n"}, "attachments": [{"name": "screenshot", "source": "b022703a-6575-4b8e-a046-7475500ddd2c-attachment.png", "type": "image/png"}], "start": 1691579366245, "stop": 1691579366414}], "start": 1691579224448, "stop": 1691579370017, "uuid": "892fc1c8-00cc-49a6-aee5-d14ff6abed8e", "historyId": "3e1821681d920f3f300abd92284d0a53", "fullName": "Register Account functionality: Register with mandatory fields", "labels": [{"name": "severity", "value": "normal"}, {"name": "tag", "value": "register1"}, {"name": "feature", "value": "Register Account functionality"}, {"name": "framework", "value": "behave"}, {"name": "language", "value": "cpython3"}]}