{"name": "Login without entering any phone number", "status": "broken", "statusDetails": {"message": "selenium.common.exceptions.NoSuchElementException: Message: no such element: Unable to locate element: {\"method\":\"xpath\",\"selector\":\"//a[@data-csa-c-content-id='nav_ya_signin']\"}\n  (Session info: chrome=115.0.5790.171); For documentation on this error, please visit: https://www.selenium.dev/documentation/webdriver/troubleshooting/errors#no-such-element-exception\nStacktrace:\nBacktrace:\n\tGetHandleVerifier [0x00007FF674144A62+57106]\n\t(No symbol) [0x00007FF6740BCF52]\n\t(No symbol) [0x00007FF673F8E2CB]\n\t(No symbol) [0x00007FF673FC786E]\n\t(No symbol) [0x00007FF673FC795C]\n\t(No symbol) [0x00007FF674000477]\n\t(No symbol) [0x00007FF673FE69FF]\n\t(No symbol) [0x00007FF673FFE522]\n\t(No symbol) [0x00007FF673FE6793]\n\t(No symbol) [0x00007FF673FBCE81]\n\t(No symbol) [0x00007FF673FBE064]\n\tGetHandleVerifier [0x00007FF6743F4222+2873042]\n\tGetHandleVerifier [0x00007FF674446590+3209792]\n\tGetHandleVerifier [0x00007FF67443F3AF+3180639]\n\tGetHandleVerifier [0x00007FF6741D5F25+652245]\n\t(No symbol) [0x00007FF6740C8618]\n\t(No symbol) [0x00007FF6740C47C4]\n\t(No symbol) [0x00007FF6740C48BC]\n\t(No symbol) [0x00007FF6740B4C33]\n\tBaseThreadInitThunk [0x00007FF965F37614+20]\n\tRtlUserThreadStart [0x00007FF967EE26B1+33]\n\n", "trace": "  File \"C:\\Users\\lmallikarjuna\\AppData\\Local\\Programs\\Python\\Python311\\Lib\\site-packages\\behave\\model.py\", line 1329, in run\n    match.run(runner.context)\n  File \"C:\\Users\\lmallikarjuna\\AppData\\Local\\Programs\\Python\\Python311\\Lib\\site-packages\\behave\\matchers.py\", line 98, in run\n    self.func(context, *args, **kwargs)\n  File \"features\\steps\\login.py\", line 9, in step_impl\n    context.login_page = context.homepage.click_on_my_account()\n                         ^^^^^^^^^^^^^^^^^^^^^^^^^^^^^^^^^^^^^^\n  File \"C:\\Users\\lmallikarjuna\\PycharmProjects\\pythonProject\\POC-\\features\\pages\\home_page.py\", line 17, in click_on_my_account\n    self.click_on_element(\"my_account_option_xpath\", self.my_account_option_xpath)\n  File \"C:\\Users\\lmallikarjuna\\PycharmProjects\\pythonProject\\POC-\\features\\pages\\BasePage.py\", line 28, in click_on_element\n    element = self.get_element(locator_type, locator_value)\n              ^^^^^^^^^^^^^^^^^^^^^^^^^^^^^^^^^^^^^^^^^^^^^\n  File \"C:\\Users\\lmallikarjuna\\PycharmProjects\\pythonProject\\POC-\\features\\pages\\BasePage.py\", line 42, in get_element\n    element = self.driver.find_element(By.XPATH, locator_value)\n              ^^^^^^^^^^^^^^^^^^^^^^^^^^^^^^^^^^^^^^^^^^^^^^^^^\n  File \"C:\\Users\\lmallikarjuna\\AppData\\Local\\Programs\\Python\\Python311\\Lib\\site-packages\\selenium\\webdriver\\remote\\webdriver.py\", line 739, in find_element\n    return self.execute(Command.FIND_ELEMENT, {\"using\": by, \"value\": value})[\"value\"]\n           ^^^^^^^^^^^^^^^^^^^^^^^^^^^^^^^^^^^^^^^^^^^^^^^^^^^^^^^^^^^^^^^^^\n  File \"C:\\Users\\lmallikarjuna\\AppData\\Local\\Programs\\Python\\Python311\\Lib\\site-packages\\selenium\\webdriver\\remote\\webdriver.py\", line 345, in execute\n    self.error_handler.check_response(response)\n  File \"C:\\Users\\lmallikarjuna\\AppData\\Local\\Programs\\Python\\Python311\\Lib\\site-packages\\selenium\\webdriver\\remote\\errorhandler.py\", line 229, in check_response\n    raise exception_class(message, screen, stacktrace)\n"}, "steps": [{"name": "Given I navigated to Login page", "status": "broken", "statusDetails": {"message": "selenium.common.exceptions.NoSuchElementException: Message: no such element: Unable to locate element: {\"method\":\"xpath\",\"selector\":\"//a[@data-csa-c-content-id='nav_ya_signin']\"}\n  (Session info: chrome=115.0.5790.171); For documentation on this error, please visit: https://www.selenium.dev/documentation/webdriver/troubleshooting/errors#no-such-element-exception\nStacktrace:\nBacktrace:\n\tGetHandleVerifier [0x00007FF674144A62+57106]\n\t(No symbol) [0x00007FF6740BCF52]\n\t(No symbol) [0x00007FF673F8E2CB]\n\t(No symbol) [0x00007FF673FC786E]\n\t(No symbol) [0x00007FF673FC795C]\n\t(No symbol) [0x00007FF674000477]\n\t(No symbol) [0x00007FF673FE69FF]\n\t(No symbol) [0x00007FF673FFE522]\n\t(No symbol) [0x00007FF673FE6793]\n\t(No symbol) [0x00007FF673FBCE81]\n\t(No symbol) [0x00007FF673FBE064]\n\tGetHandleVerifier [0x00007FF6743F4222+2873042]\n\tGetHandleVerifier [0x00007FF674446590+3209792]\n\tGetHandleVerifier [0x00007FF67443F3AF+3180639]\n\tGetHandleVerifier [0x00007FF6741D5F25+652245]\n\t(No symbol) [0x00007FF6740C8618]\n\t(No symbol) [0x00007FF6740C47C4]\n\t(No symbol) [0x00007FF6740C48BC]\n\t(No symbol) [0x00007FF6740B4C33]\n\tBaseThreadInitThunk [0x00007FF965F37614+20]\n\tRtlUserThreadStart [0x00007FF967EE26B1+33]\n\n", "trace": "  File \"C:\\Users\\lmallikarjuna\\AppData\\Local\\Programs\\Python\\Python311\\Lib\\site-packages\\behave\\model.py\", line 1329, in run\n    match.run(runner.context)\n  File \"C:\\Users\\lmallikarjuna\\AppData\\Local\\Programs\\Python\\Python311\\Lib\\site-packages\\behave\\matchers.py\", line 98, in run\n    self.func(context, *args, **kwargs)\n  File \"features\\steps\\login.py\", line 9, in step_impl\n    context.login_page = context.homepage.click_on_my_account()\n                         ^^^^^^^^^^^^^^^^^^^^^^^^^^^^^^^^^^^^^^\n  File \"C:\\Users\\lmallikarjuna\\PycharmProjects\\pythonProject\\POC-\\features\\pages\\home_page.py\", line 17, in click_on_my_account\n    self.click_on_element(\"my_account_option_xpath\", self.my_account_option_xpath)\n  File \"C:\\Users\\lmallikarjuna\\PycharmProjects\\pythonProject\\POC-\\features\\pages\\BasePage.py\", line 28, in click_on_element\n    element = self.get_element(locator_type, locator_value)\n              ^^^^^^^^^^^^^^^^^^^^^^^^^^^^^^^^^^^^^^^^^^^^^\n  File \"C:\\Users\\lmallikarjuna\\PycharmProjects\\pythonProject\\POC-\\features\\pages\\BasePage.py\", line 42, in get_element\n    element = self.driver.find_element(By.XPATH, locator_value)\n              ^^^^^^^^^^^^^^^^^^^^^^^^^^^^^^^^^^^^^^^^^^^^^^^^^\n  File \"C:\\Users\\lmallikarjuna\\AppData\\Local\\Programs\\Python\\Python311\\Lib\\site-packages\\selenium\\webdriver\\remote\\webdriver.py\", line 739, in find_element\n    return self.execute(Command.FIND_ELEMENT, {\"using\": by, \"value\": value})[\"value\"]\n           ^^^^^^^^^^^^^^^^^^^^^^^^^^^^^^^^^^^^^^^^^^^^^^^^^^^^^^^^^^^^^^^^^\n  File \"C:\\Users\\lmallikarjuna\\AppData\\Local\\Programs\\Python\\Python311\\Lib\\site-packages\\selenium\\webdriver\\remote\\webdriver.py\", line 345, in execute\n    self.error_handler.check_response(response)\n  File \"C:\\Users\\lmallikarjuna\\AppData\\Local\\Programs\\Python\\Python311\\Lib\\site-packages\\selenium\\webdriver\\remote\\errorhandler.py\", line 229, in check_response\n    raise exception_class(message, screen, stacktrace)\n"}, "attachments": [{"name": "screenshot", "source": "72aee0fa-f0ca-4bda-8cd4-d386c38f500e-attachment.png", "type": "image/png"}], "start": 1691571273322, "stop": 1691571273499}, {"name": "When I dont enter anything into phone number field", "status": "skipped", "start": 1691571276054, "stop": 1691571276054}, {"name": "Then I should get a proper warning message for  failure", "status": "skipped", "start": 1691571276054, "stop": 1691571276054}], "start": 1691571269117, "stop": 1691571276054, "uuid": "1e2545dc-f550-447b-96ef-2391b2d3988c", "historyId": "a2febd2ed4ea8b03c8fa87ec48cb1239", "fullName": "Login Functionality: Login without entering any phone number", "labels": [{"name": "severity", "value": "normal"}, {"name": "tag", "value": "login"}, {"name": "feature", "value": "Login Functionality"}, {"name": "framework", "value": "behave"}, {"name": "language", "value": "cpython3"}]}