{"name": "Login with valid phone number and invalid password -- @1.1 ", "status": "broken", "statusDetails": {"message": "selenium.common.exceptions.NoSuchElementException: Message: no such element: Unable to locate element: {\"method\":\"xpath\",\"selector\":\"//a[@data-csa-c-content-id='nav_ya_signin']\"}\n  (Session info: chrome=115.0.5790.171); For documentation on this error, please visit: https://www.selenium.dev/documentation/webdriver/troubleshooting/errors#no-such-element-exception\nStacktrace:\nBacktrace:\n\tGetHandleVerifier [0x00007FF70B0F4A62+57106]\n\t(No symbol) [0x00007FF70B06CF52]\n\t(No symbol) [0x00007FF70AF3E2CB]\n\t(No symbol) [0x00007FF70AF7786E]\n\t(No symbol) [0x00007FF70AF7795C]\n\t(No symbol) [0x00007FF70AFB0477]\n\t(No symbol) [0x00007FF70AF969FF]\n\t(No symbol) [0x00007FF70AFAE522]\n\t(No symbol) [0x00007FF70AF96793]\n\t(No symbol) [0x00007FF70AF6CE81]\n\t(No symbol) [0x00007FF70AF6E064]\n\tGetHandleVerifier [0x00007FF70B3A4222+2873042]\n\tGetHandleVerifier [0x00007FF70B3F6590+3209792]\n\tGetHandleVerifier [0x00007FF70B3EF3AF+3180639]\n\tGetHandleVerifier [0x00007FF70B185F25+652245]\n\t(No symbol) [0x00007FF70B078618]\n\t(No symbol) [0x00007FF70B0747C4]\n\t(No symbol) [0x00007FF70B0748BC]\n\t(No symbol) [0x00007FF70B064C33]\n\tBaseThreadInitThunk [0x00007FF965F37614+20]\n\tRtlUserThreadStart [0x00007FF967EE26B1+33]\n\n", "trace": "  File \"C:\\Users\\lmallikarjuna\\AppData\\Local\\Programs\\Python\\Python311\\Lib\\site-packages\\behave\\model.py\", line 1329, in run\n    match.run(runner.context)\n  File \"C:\\Users\\lmallikarjuna\\AppData\\Local\\Programs\\Python\\Python311\\Lib\\site-packages\\behave\\matchers.py\", line 98, in run\n    self.func(context, *args, **kwargs)\n  File \"features\\steps\\login.py\", line 9, in step_impl\n    context.login_page = context.homepage.click_on_my_account()\n                         ^^^^^^^^^^^^^^^^^^^^^^^^^^^^^^^^^^^^^^\n  File \"C:\\Users\\lmallikarjuna\\PycharmProjects\\pythonProject\\POC-\\features\\pages\\home_page.py\", line 17, in click_on_my_account\n    self.click_on_element(\"my_account_option_xpath\", self.my_account_option_xpath)\n  File \"C:\\Users\\lmallikarjuna\\PycharmProjects\\pythonProject\\POC-\\features\\pages\\BasePage.py\", line 28, in click_on_element\n    element = self.get_element(locator_type, locator_value)\n              ^^^^^^^^^^^^^^^^^^^^^^^^^^^^^^^^^^^^^^^^^^^^^\n  File \"C:\\Users\\lmallikarjuna\\PycharmProjects\\pythonProject\\POC-\\features\\pages\\BasePage.py\", line 42, in get_element\n    element = self.driver.find_element(By.XPATH, locator_value)\n              ^^^^^^^^^^^^^^^^^^^^^^^^^^^^^^^^^^^^^^^^^^^^^^^^^\n  File \"C:\\Users\\lmallikarjuna\\AppData\\Local\\Programs\\Python\\Python311\\Lib\\site-packages\\selenium\\webdriver\\remote\\webdriver.py\", line 739, in find_element\n    return self.execute(Command.FIND_ELEMENT, {\"using\": by, \"value\": value})[\"value\"]\n           ^^^^^^^^^^^^^^^^^^^^^^^^^^^^^^^^^^^^^^^^^^^^^^^^^^^^^^^^^^^^^^^^^\n  File \"C:\\Users\\lmallikarjuna\\AppData\\Local\\Programs\\Python\\Python311\\Lib\\site-packages\\selenium\\webdriver\\remote\\webdriver.py\", line 345, in execute\n    self.error_handler.check_response(response)\n  File \"C:\\Users\\lmallikarjuna\\AppData\\Local\\Programs\\Python\\Python311\\Lib\\site-packages\\selenium\\webdriver\\remote\\errorhandler.py\", line 229, in check_response\n    raise exception_class(message, screen, stacktrace)\n"}, "steps": [{"name": "Given I navigated to Login page", "status": "broken", "statusDetails": {"message": "selenium.common.exceptions.NoSuchElementException: Message: no such element: Unable to locate element: {\"method\":\"xpath\",\"selector\":\"//a[@data-csa-c-content-id='nav_ya_signin']\"}\n  (Session info: chrome=115.0.5790.171); For documentation on this error, please visit: https://www.selenium.dev/documentation/webdriver/troubleshooting/errors#no-such-element-exception\nStacktrace:\nBacktrace:\n\tGetHandleVerifier [0x00007FF70B0F4A62+57106]\n\t(No symbol) [0x00007FF70B06CF52]\n\t(No symbol) [0x00007FF70AF3E2CB]\n\t(No symbol) [0x00007FF70AF7786E]\n\t(No symbol) [0x00007FF70AF7795C]\n\t(No symbol) [0x00007FF70AFB0477]\n\t(No symbol) [0x00007FF70AF969FF]\n\t(No symbol) [0x00007FF70AFAE522]\n\t(No symbol) [0x00007FF70AF96793]\n\t(No symbol) [0x00007FF70AF6CE81]\n\t(No symbol) [0x00007FF70AF6E064]\n\tGetHandleVerifier [0x00007FF70B3A4222+2873042]\n\tGetHandleVerifier [0x00007FF70B3F6590+3209792]\n\tGetHandleVerifier [0x00007FF70B3EF3AF+3180639]\n\tGetHandleVerifier [0x00007FF70B185F25+652245]\n\t(No symbol) [0x00007FF70B078618]\n\t(No symbol) [0x00007FF70B0747C4]\n\t(No symbol) [0x00007FF70B0748BC]\n\t(No symbol) [0x00007FF70B064C33]\n\tBaseThreadInitThunk [0x00007FF965F37614+20]\n\tRtlUserThreadStart [0x00007FF967EE26B1+33]\n\n", "trace": "  File \"C:\\Users\\lmallikarjuna\\AppData\\Local\\Programs\\Python\\Python311\\Lib\\site-packages\\behave\\model.py\", line 1329, in run\n    match.run(runner.context)\n  File \"C:\\Users\\lmallikarjuna\\AppData\\Local\\Programs\\Python\\Python311\\Lib\\site-packages\\behave\\matchers.py\", line 98, in run\n    self.func(context, *args, **kwargs)\n  File \"features\\steps\\login.py\", line 9, in step_impl\n    context.login_page = context.homepage.click_on_my_account()\n                         ^^^^^^^^^^^^^^^^^^^^^^^^^^^^^^^^^^^^^^\n  File \"C:\\Users\\lmallikarjuna\\PycharmProjects\\pythonProject\\POC-\\features\\pages\\home_page.py\", line 17, in click_on_my_account\n    self.click_on_element(\"my_account_option_xpath\", self.my_account_option_xpath)\n  File \"C:\\Users\\lmallikarjuna\\PycharmProjects\\pythonProject\\POC-\\features\\pages\\BasePage.py\", line 28, in click_on_element\n    element = self.get_element(locator_type, locator_value)\n              ^^^^^^^^^^^^^^^^^^^^^^^^^^^^^^^^^^^^^^^^^^^^^\n  File \"C:\\Users\\lmallikarjuna\\PycharmProjects\\pythonProject\\POC-\\features\\pages\\BasePage.py\", line 42, in get_element\n    element = self.driver.find_element(By.XPATH, locator_value)\n              ^^^^^^^^^^^^^^^^^^^^^^^^^^^^^^^^^^^^^^^^^^^^^^^^^\n  File \"C:\\Users\\lmallikarjuna\\AppData\\Local\\Programs\\Python\\Python311\\Lib\\site-packages\\selenium\\webdriver\\remote\\webdriver.py\", line 739, in find_element\n    return self.execute(Command.FIND_ELEMENT, {\"using\": by, \"value\": value})[\"value\"]\n           ^^^^^^^^^^^^^^^^^^^^^^^^^^^^^^^^^^^^^^^^^^^^^^^^^^^^^^^^^^^^^^^^^\n  File \"C:\\Users\\lmallikarjuna\\AppData\\Local\\Programs\\Python\\Python311\\Lib\\site-packages\\selenium\\webdriver\\remote\\webdriver.py\", line 345, in execute\n    self.error_handler.check_response(response)\n  File \"C:\\Users\\lmallikarjuna\\AppData\\Local\\Programs\\Python\\Python311\\Lib\\site-packages\\selenium\\webdriver\\remote\\errorhandler.py\", line 229, in check_response\n    raise exception_class(message, screen, stacktrace)\n"}, "attachments": [{"name": "screenshot", "source": "3268cb83-c4dd-4ca6-b814-06907b7219a5-attachment.png", "type": "image/png"}], "start": 1691651922725, "stop": 1691651922927}, {"name": "When I enter valid phone number as \"8105000676\" and invalid password as \"Loki@125534\" into the fields", "status": "skipped", "start": 1691651925534, "stop": 1691651925534}, {"name": "And I click on Login button", "status": "skipped", "start": 1691651925534, "stop": 1691651925534}, {"name": "Then I should get a proper warning message on password page", "status": "skipped", "start": 1691651925534, "stop": 1691651925534}], "parameters": [{"name": "number", "value": "8105000676"}, {"name": "password", "value": "Loki@125534"}], "start": 1691651915512, "stop": 1691651925534, "uuid": "a11b93a4-7696-4a69-8996-47a997e9a8f8", "historyId": "7b803f7f9979750e45b450d28784a411", "fullName": "Login Functionality: Login with valid phone number and invalid password", "labels": [{"name": "severity", "value": "normal"}, {"name": "tag", "value": "login"}, {"name": "feature", "value": "Login Functionality"}, {"name": "framework", "value": "behave"}, {"name": "language", "value": "cpython3"}]}