{"name": "Login with invalid phone number", "status": "broken", "statusDetails": {"message": "selenium.common.exceptions.NoSuchElementException: Message: no such element: Unable to locate element: {\"method\":\"xpath\",\"selector\":\"//a[@data-csa-c-content-id='nav_ya_signin']\"}\n  (Session info: chrome=115.0.5790.171); For documentation on this error, please visit: https://www.selenium.dev/documentation/webdriver/troubleshooting/errors#no-such-element-exception\nStacktrace:\nBacktrace:\n\tGetHandleVerifier [0x00007FF7CECF4A62+57106]\n\t(No symbol) [0x00007FF7CEC6CF52]\n\t(No symbol) [0x00007FF7CEB3E2CB]\n\t(No symbol) [0x00007FF7CEB7786E]\n\t(No symbol) [0x00007FF7CEB7795C]\n\t(No symbol) [0x00007FF7CEBB0477]\n\t(No symbol) [0x00007FF7CEB969FF]\n\t(No symbol) [0x00007FF7CEBAE522]\n\t(No symbol) [0x00007FF7CEB96793]\n\t(No symbol) [0x00007FF7CEB6CE81]\n\t(No symbol) [0x00007FF7CEB6E064]\n\tGetHandleVerifier [0x00007FF7CEFA4222+2873042]\n\tGetHandleVerifier [0x00007FF7CEFF6590+3209792]\n\tGetHandleVerifier [0x00007FF7CEFEF3AF+3180639]\n\tGetHandleVerifier [0x00007FF7CED85F25+652245]\n\t(No symbol) [0x00007FF7CEC78618]\n\t(No symbol) [0x00007FF7CEC747C4]\n\t(No symbol) [0x00007FF7CEC748BC]\n\t(No symbol) [0x00007FF7CEC64C33]\n\tBaseThreadInitThunk [0x00007FF965F37614+20]\n\tRtlUserThreadStart [0x00007FF967EE26B1+33]\n\n", "trace": "  File \"C:\\Users\\lmallikarjuna\\AppData\\Local\\Programs\\Python\\Python311\\Lib\\site-packages\\behave\\model.py\", line 1329, in run\n    match.run(runner.context)\n  File \"C:\\Users\\lmallikarjuna\\AppData\\Local\\Programs\\Python\\Python311\\Lib\\site-packages\\behave\\matchers.py\", line 98, in run\n    self.func(context, *args, **kwargs)\n  File \"features\\steps\\login.py\", line 9, in step_impl\n    context.login_page = context.homepage.click_on_my_account()\n                         ^^^^^^^^^^^^^^^^^^^^^^^^^^^^^^^^^^^^^^\n  File \"C:\\Users\\lmallikarjuna\\PycharmProjects\\pythonProject\\POC-\\features\\pages\\home_page.py\", line 17, in click_on_my_account\n    self.click_on_element(\"my_account_option_xpath\", self.my_account_option_xpath)\n  File \"C:\\Users\\lmallikarjuna\\PycharmProjects\\pythonProject\\POC-\\features\\pages\\BasePage.py\", line 28, in click_on_element\n    element = self.get_element(locator_type, locator_value)\n              ^^^^^^^^^^^^^^^^^^^^^^^^^^^^^^^^^^^^^^^^^^^^^\n  File \"C:\\Users\\lmallikarjuna\\PycharmProjects\\pythonProject\\POC-\\features\\pages\\BasePage.py\", line 42, in get_element\n    element = self.driver.find_element(By.XPATH, locator_value)\n              ^^^^^^^^^^^^^^^^^^^^^^^^^^^^^^^^^^^^^^^^^^^^^^^^^\n  File \"C:\\Users\\lmallikarjuna\\AppData\\Local\\Programs\\Python\\Python311\\Lib\\site-packages\\selenium\\webdriver\\remote\\webdriver.py\", line 739, in find_element\n    return self.execute(Command.FIND_ELEMENT, {\"using\": by, \"value\": value})[\"value\"]\n           ^^^^^^^^^^^^^^^^^^^^^^^^^^^^^^^^^^^^^^^^^^^^^^^^^^^^^^^^^^^^^^^^^\n  File \"C:\\Users\\lmallikarjuna\\AppData\\Local\\Programs\\Python\\Python311\\Lib\\site-packages\\selenium\\webdriver\\remote\\webdriver.py\", line 345, in execute\n    self.error_handler.check_response(response)\n  File \"C:\\Users\\lmallikarjuna\\AppData\\Local\\Programs\\Python\\Python311\\Lib\\site-packages\\selenium\\webdriver\\remote\\errorhandler.py\", line 229, in check_response\n    raise exception_class(message, screen, stacktrace)\n"}, "steps": [{"name": "Given I navigated to Login page", "status": "broken", "statusDetails": {"message": "selenium.common.exceptions.NoSuchElementException: Message: no such element: Unable to locate element: {\"method\":\"xpath\",\"selector\":\"//a[@data-csa-c-content-id='nav_ya_signin']\"}\n  (Session info: chrome=115.0.5790.171); For documentation on this error, please visit: https://www.selenium.dev/documentation/webdriver/troubleshooting/errors#no-such-element-exception\nStacktrace:\nBacktrace:\n\tGetHandleVerifier [0x00007FF7CECF4A62+57106]\n\t(No symbol) [0x00007FF7CEC6CF52]\n\t(No symbol) [0x00007FF7CEB3E2CB]\n\t(No symbol) [0x00007FF7CEB7786E]\n\t(No symbol) [0x00007FF7CEB7795C]\n\t(No symbol) [0x00007FF7CEBB0477]\n\t(No symbol) [0x00007FF7CEB969FF]\n\t(No symbol) [0x00007FF7CEBAE522]\n\t(No symbol) [0x00007FF7CEB96793]\n\t(No symbol) [0x00007FF7CEB6CE81]\n\t(No symbol) [0x00007FF7CEB6E064]\n\tGetHandleVerifier [0x00007FF7CEFA4222+2873042]\n\tGetHandleVerifier [0x00007FF7CEFF6590+3209792]\n\tGetHandleVerifier [0x00007FF7CEFEF3AF+3180639]\n\tGetHandleVerifier [0x00007FF7CED85F25+652245]\n\t(No symbol) [0x00007FF7CEC78618]\n\t(No symbol) [0x00007FF7CEC747C4]\n\t(No symbol) [0x00007FF7CEC748BC]\n\t(No symbol) [0x00007FF7CEC64C33]\n\tBaseThreadInitThunk [0x00007FF965F37614+20]\n\tRtlUserThreadStart [0x00007FF967EE26B1+33]\n\n", "trace": "  File \"C:\\Users\\lmallikarjuna\\AppData\\Local\\Programs\\Python\\Python311\\Lib\\site-packages\\behave\\model.py\", line 1329, in run\n    match.run(runner.context)\n  File \"C:\\Users\\lmallikarjuna\\AppData\\Local\\Programs\\Python\\Python311\\Lib\\site-packages\\behave\\matchers.py\", line 98, in run\n    self.func(context, *args, **kwargs)\n  File \"features\\steps\\login.py\", line 9, in step_impl\n    context.login_page = context.homepage.click_on_my_account()\n                         ^^^^^^^^^^^^^^^^^^^^^^^^^^^^^^^^^^^^^^\n  File \"C:\\Users\\lmallikarjuna\\PycharmProjects\\pythonProject\\POC-\\features\\pages\\home_page.py\", line 17, in click_on_my_account\n    self.click_on_element(\"my_account_option_xpath\", self.my_account_option_xpath)\n  File \"C:\\Users\\lmallikarjuna\\PycharmProjects\\pythonProject\\POC-\\features\\pages\\BasePage.py\", line 28, in click_on_element\n    element = self.get_element(locator_type, locator_value)\n              ^^^^^^^^^^^^^^^^^^^^^^^^^^^^^^^^^^^^^^^^^^^^^\n  File \"C:\\Users\\lmallikarjuna\\PycharmProjects\\pythonProject\\POC-\\features\\pages\\BasePage.py\", line 42, in get_element\n    element = self.driver.find_element(By.XPATH, locator_value)\n              ^^^^^^^^^^^^^^^^^^^^^^^^^^^^^^^^^^^^^^^^^^^^^^^^^\n  File \"C:\\Users\\lmallikarjuna\\AppData\\Local\\Programs\\Python\\Python311\\Lib\\site-packages\\selenium\\webdriver\\remote\\webdriver.py\", line 739, in find_element\n    return self.execute(Command.FIND_ELEMENT, {\"using\": by, \"value\": value})[\"value\"]\n           ^^^^^^^^^^^^^^^^^^^^^^^^^^^^^^^^^^^^^^^^^^^^^^^^^^^^^^^^^^^^^^^^^\n  File \"C:\\Users\\lmallikarjuna\\AppData\\Local\\Programs\\Python\\Python311\\Lib\\site-packages\\selenium\\webdriver\\remote\\webdriver.py\", line 345, in execute\n    self.error_handler.check_response(response)\n  File \"C:\\Users\\lmallikarjuna\\AppData\\Local\\Programs\\Python\\Python311\\Lib\\site-packages\\selenium\\webdriver\\remote\\errorhandler.py\", line 229, in check_response\n    raise exception_class(message, screen, stacktrace)\n"}, "attachments": [{"name": "screenshot", "source": "b01ac5cf-a1cf-4bd0-8540-325b2be05efe-attachment.png", "type": "image/png"}], "start": 1691498904624, "stop": 1691498904898}, {"name": "When I enter invalid phone number", "status": "skipped", "start": 1691498907881, "stop": 1691498907881}, {"name": "Then I should get a proper warning message on phone number page", "status": "skipped", "start": 1691498907881, "stop": 1691498907881}], "start": 1691498900195, "stop": 1691498907881, "uuid": "2e30d740-7b91-4c7a-9bbb-d2f016dddc37", "historyId": "7478573a3226e5e2c591266d04908274", "fullName": "Login Functionality: Login with invalid phone number", "labels": [{"name": "severity", "value": "normal"}, {"name": "tag", "value": "login"}, {"name": "feature", "value": "Login Functionality"}, {"name": "framework", "value": "behave"}, {"name": "language", "value": "cpython3"}]}