{"name": "changing delivery address", "status": "broken", "statusDetails": {"message": "selenium.common.exceptions.NoSuchElementException: Message: no such element: Unable to locate element: {\"method\":\"xpath\",\"selector\":\"//a[@data-csa-c-content-id='nav_ya_signin']\"}\n  (Session info: chrome=116.0.5845.111); For documentation on this error, please visit: https://www.selenium.dev/documentation/webdriver/troubleshooting/errors#no-such-element-exception\nStacktrace:\n\tGetHandleVerifier [0x00007FF61C2852A2+57122]\n\t(No symbol) [0x00007FF61C1FEA92]\n\t(No symbol) [0x00007FF61C0CE3AB]\n\t(No symbol) [0x00007FF61C107D3E]\n\t(No symbol) [0x00007FF61C107E2C]\n\t(No symbol) [0x00007FF61C140B67]\n\t(No symbol) [0x00007FF61C12701F]\n\t(No symbol) [0x00007FF61C13EB82]\n\t(No symbol) [0x00007FF61C126DB3]\n\t(No symbol) [0x00007FF61C0FD2B1]\n\t(No symbol) [0x00007FF61C0FE494]\n\tGetHandleVerifier [0x00007FF61C52EF82+2849794]\n\tGetHandleVerifier [0x00007FF61C581D24+3189156]\n\tGetHandleVerifier [0x00007FF61C57ACAF+3160367]\n\tGetHandleVerifier [0x00007FF61C316D06+653702]\n\t(No symbol) [0x00007FF61C20A208]\n\t(No symbol) [0x00007FF61C2062C4]\n\t(No symbol) [0x00007FF61C2063F6]\n\t(No symbol) [0x00007FF61C1F67A3]\n\tBaseThreadInitThunk [0x00007FFE43FE7614+20]\n\tRtlUserThreadStart [0x00007FFE45E826B1+33]\n\n", "trace": "  File \"C:\\Users\\lmallikarjuna\\AppData\\Local\\Programs\\Python\\Python311\\Lib\\site-packages\\behave\\model.py\", line 1329, in run\n    match.run(runner.context)\n  File \"C:\\Users\\lmallikarjuna\\AppData\\Local\\Programs\\Python\\Python311\\Lib\\site-packages\\behave\\matchers.py\", line 98, in run\n    self.func(context, *args, **kwargs)\n  File \"features\\steps\\change_address.py\", line 13, in step_impl\n    context.login_page = context.homepage.click_on_my_account()\n                         ^^^^^^^^^^^^^^^^^^^^^^^^^^^^^^^^^^^^^^\n  File \"D:\\POC-\\features\\pages\\home_page.py\", line 17, in click_on_my_account\n    self.click_on_element(\"my_account_option_xpath\", self.my_account_option_xpath)\n  File \"D:\\POC-\\features\\pages\\BasePage.py\", line 32, in click_on_element\n    element = self.get_element(locator_type, locator_value)\n              ^^^^^^^^^^^^^^^^^^^^^^^^^^^^^^^^^^^^^^^^^^^^^\n  File \"D:\\POC-\\features\\pages\\BasePage.py\", line 46, in get_element\n    element = self.driver.find_element(By.XPATH, locator_value)\n              ^^^^^^^^^^^^^^^^^^^^^^^^^^^^^^^^^^^^^^^^^^^^^^^^^\n  File \"C:\\Users\\lmallikarjuna\\AppData\\Local\\Programs\\Python\\Python311\\Lib\\site-packages\\selenium\\webdriver\\remote\\webdriver.py\", line 739, in find_element\n    return self.execute(Command.FIND_ELEMENT, {\"using\": by, \"value\": value})[\"value\"]\n           ^^^^^^^^^^^^^^^^^^^^^^^^^^^^^^^^^^^^^^^^^^^^^^^^^^^^^^^^^^^^^^^^^\n  File \"C:\\Users\\lmallikarjuna\\AppData\\Local\\Programs\\Python\\Python311\\Lib\\site-packages\\selenium\\webdriver\\remote\\webdriver.py\", line 345, in execute\n    self.error_handler.check_response(response)\n  File \"C:\\Users\\lmallikarjuna\\AppData\\Local\\Programs\\Python\\Python311\\Lib\\site-packages\\selenium\\webdriver\\remote\\errorhandler.py\", line 229, in check_response\n    raise exception_class(message, screen, stacktrace)\n"}, "steps": [{"name": "Given I logged into account and got navigated to the Homepage", "status": "broken", "statusDetails": {"message": "selenium.common.exceptions.NoSuchElementException: Message: no such element: Unable to locate element: {\"method\":\"xpath\",\"selector\":\"//a[@data-csa-c-content-id='nav_ya_signin']\"}\n  (Session info: chrome=116.0.5845.111); For documentation on this error, please visit: https://www.selenium.dev/documentation/webdriver/troubleshooting/errors#no-such-element-exception\nStacktrace:\n\tGetHandleVerifier [0x00007FF61C2852A2+57122]\n\t(No symbol) [0x00007FF61C1FEA92]\n\t(No symbol) [0x00007FF61C0CE3AB]\n\t(No symbol) [0x00007FF61C107D3E]\n\t(No symbol) [0x00007FF61C107E2C]\n\t(No symbol) [0x00007FF61C140B67]\n\t(No symbol) [0x00007FF61C12701F]\n\t(No symbol) [0x00007FF61C13EB82]\n\t(No symbol) [0x00007FF61C126DB3]\n\t(No symbol) [0x00007FF61C0FD2B1]\n\t(No symbol) [0x00007FF61C0FE494]\n\tGetHandleVerifier [0x00007FF61C52EF82+2849794]\n\tGetHandleVerifier [0x00007FF61C581D24+3189156]\n\tGetHandleVerifier [0x00007FF61C57ACAF+3160367]\n\tGetHandleVerifier [0x00007FF61C316D06+653702]\n\t(No symbol) [0x00007FF61C20A208]\n\t(No symbol) [0x00007FF61C2062C4]\n\t(No symbol) [0x00007FF61C2063F6]\n\t(No symbol) [0x00007FF61C1F67A3]\n\tBaseThreadInitThunk [0x00007FFE43FE7614+20]\n\tRtlUserThreadStart [0x00007FFE45E826B1+33]\n\n", "trace": "  File \"C:\\Users\\lmallikarjuna\\AppData\\Local\\Programs\\Python\\Python311\\Lib\\site-packages\\behave\\model.py\", line 1329, in run\n    match.run(runner.context)\n  File \"C:\\Users\\lmallikarjuna\\AppData\\Local\\Programs\\Python\\Python311\\Lib\\site-packages\\behave\\matchers.py\", line 98, in run\n    self.func(context, *args, **kwargs)\n  File \"features\\steps\\change_address.py\", line 13, in step_impl\n    context.login_page = context.homepage.click_on_my_account()\n                         ^^^^^^^^^^^^^^^^^^^^^^^^^^^^^^^^^^^^^^\n  File \"D:\\POC-\\features\\pages\\home_page.py\", line 17, in click_on_my_account\n    self.click_on_element(\"my_account_option_xpath\", self.my_account_option_xpath)\n  File \"D:\\POC-\\features\\pages\\BasePage.py\", line 32, in click_on_element\n    element = self.get_element(locator_type, locator_value)\n              ^^^^^^^^^^^^^^^^^^^^^^^^^^^^^^^^^^^^^^^^^^^^^\n  File \"D:\\POC-\\features\\pages\\BasePage.py\", line 46, in get_element\n    element = self.driver.find_element(By.XPATH, locator_value)\n              ^^^^^^^^^^^^^^^^^^^^^^^^^^^^^^^^^^^^^^^^^^^^^^^^^\n  File \"C:\\Users\\lmallikarjuna\\AppData\\Local\\Programs\\Python\\Python311\\Lib\\site-packages\\selenium\\webdriver\\remote\\webdriver.py\", line 739, in find_element\n    return self.execute(Command.FIND_ELEMENT, {\"using\": by, \"value\": value})[\"value\"]\n           ^^^^^^^^^^^^^^^^^^^^^^^^^^^^^^^^^^^^^^^^^^^^^^^^^^^^^^^^^^^^^^^^^\n  File \"C:\\Users\\lmallikarjuna\\AppData\\Local\\Programs\\Python\\Python311\\Lib\\site-packages\\selenium\\webdriver\\remote\\webdriver.py\", line 345, in execute\n    self.error_handler.check_response(response)\n  File \"C:\\Users\\lmallikarjuna\\AppData\\Local\\Programs\\Python\\Python311\\Lib\\site-packages\\selenium\\webdriver\\remote\\errorhandler.py\", line 229, in check_response\n    raise exception_class(message, screen, stacktrace)\n"}, "attachments": [{"name": "screenshot", "source": "5c7fe267-7a01-468c-96f6-56eb664a1cb0-attachment.png", "type": "image/png"}], "start": 1693459601816, "stop": 1693459602070}, {"name": "When I clicked on delivery address option", "status": "skipped", "start": 1693459605068, "stop": 1693459605068}, {"name": "And changed the address to what is requested", "status": "skipped", "start": 1693459605068, "stop": 1693459605068}], "start": 1693459593359, "stop": 1693459605068, "uuid": "89dfb899-fcde-48de-abf8-de526e143f55", "historyId": "27d7f7e974620609c142d4b6eaf5fd74", "fullName": "change address: changing delivery address", "labels": [{"name": "severity", "value": "normal"}, {"name": "tag", "value": "change_address"}, {"name": "feature", "value": "change address"}, {"name": "framework", "value": "behave"}, {"name": "language", "value": "cpython3"}]}