{"name": "Search for a valid product", "status": "broken", "statusDetails": {"message": "selenium.common.exceptions.NoSuchElementException: Message: no such element: Unable to locate element: {\"method\":\"xpath\",\"selector\":\"//div[@id='nav-logo']\"}\n  (Session info: chrome=116.0.5845.111); For documentation on this error, please visit: https://www.selenium.dev/documentation/webdriver/troubleshooting/errors#no-such-element-exception\nStacktrace:\n\tGetHandleVerifier [0x00007FF61C2852A2+57122]\n\t(No symbol) [0x00007FF61C1FEA92]\n\t(No symbol) [0x00007FF61C0CE3AB]\n\t(No symbol) [0x00007FF61C107D3E]\n\t(No symbol) [0x00007FF61C107E2C]\n\t(No symbol) [0x00007FF61C140B67]\n\t(No symbol) [0x00007FF61C12701F]\n\t(No symbol) [0x00007FF61C13EB82]\n\t(No symbol) [0x00007FF61C126DB3]\n\t(No symbol) [0x00007FF61C0FD2B1]\n\t(No symbol) [0x00007FF61C0FE494]\n\tGetHandleVerifier [0x00007FF61C52EF82+2849794]\n\tGetHandleVerifier [0x00007FF61C581D24+3189156]\n\tGetHandleVerifier [0x00007FF61C57ACAF+3160367]\n\tGetHandleVerifier [0x00007FF61C316D06+653702]\n\t(No symbol) [0x00007FF61C20A208]\n\t(No symbol) [0x00007FF61C2062C4]\n\t(No symbol) [0x00007FF61C2063F6]\n\t(No symbol) [0x00007FF61C1F67A3]\n\tBaseThreadInitThunk [0x00007FFE43FE7614+20]\n\tRtlUserThreadStart [0x00007FFE45E826B1+33]\n\n", "trace": "  File \"C:\\Users\\lmallikarjuna\\AppData\\Local\\Programs\\Python\\Python311\\Lib\\site-packages\\behave\\model.py\", line 1329, in run\n    match.run(runner.context)\n  File \"C:\\Users\\lmallikarjuna\\AppData\\Local\\Programs\\Python\\Python311\\Lib\\site-packages\\behave\\matchers.py\", line 98, in run\n    self.func(context, *args, **kwargs)\n  File \"features\\steps\\search.py\", line 8, in step_impl\n    assert context.home_page.check_homepage_display()\n           ^^^^^^^^^^^^^^^^^^^^^^^^^^^^^^^^^^^^^^^^^^\n  File \"D:\\POC-\\features\\pages\\home_page.py\", line 24, in check_homepage_display\n    return self.display(\"homepage_display_xpath\", self.homepage_display_xpath)\n           ^^^^^^^^^^^^^^^^^^^^^^^^^^^^^^^^^^^^^^^^^^^^^^^^^^^^^^^^^^^^^^^^^^^\n  File \"D:\\POC-\\features\\pages\\BasePage.py\", line 11, in display\n    element = self.get_element(locator_type, locator_value)\n              ^^^^^^^^^^^^^^^^^^^^^^^^^^^^^^^^^^^^^^^^^^^^^\n  File \"D:\\POC-\\features\\pages\\BasePage.py\", line 46, in get_element\n    element = self.driver.find_element(By.XPATH, locator_value)\n              ^^^^^^^^^^^^^^^^^^^^^^^^^^^^^^^^^^^^^^^^^^^^^^^^^\n  File \"C:\\Users\\lmallikarjuna\\AppData\\Local\\Programs\\Python\\Python311\\Lib\\site-packages\\selenium\\webdriver\\remote\\webdriver.py\", line 739, in find_element\n    return self.execute(Command.FIND_ELEMENT, {\"using\": by, \"value\": value})[\"value\"]\n           ^^^^^^^^^^^^^^^^^^^^^^^^^^^^^^^^^^^^^^^^^^^^^^^^^^^^^^^^^^^^^^^^^\n  File \"C:\\Users\\lmallikarjuna\\AppData\\Local\\Programs\\Python\\Python311\\Lib\\site-packages\\selenium\\webdriver\\remote\\webdriver.py\", line 345, in execute\n    self.error_handler.check_response(response)\n  File \"C:\\Users\\lmallikarjuna\\AppData\\Local\\Programs\\Python\\Python311\\Lib\\site-packages\\selenium\\webdriver\\remote\\errorhandler.py\", line 229, in check_response\n    raise exception_class(message, screen, stacktrace)\n"}, "steps": [{"name": "Given I got navigated to Home page", "status": "broken", "statusDetails": {"message": "selenium.common.exceptions.NoSuchElementException: Message: no such element: Unable to locate element: {\"method\":\"xpath\",\"selector\":\"//div[@id='nav-logo']\"}\n  (Session info: chrome=116.0.5845.111); For documentation on this error, please visit: https://www.selenium.dev/documentation/webdriver/troubleshooting/errors#no-such-element-exception\nStacktrace:\n\tGetHandleVerifier [0x00007FF61C2852A2+57122]\n\t(No symbol) [0x00007FF61C1FEA92]\n\t(No symbol) [0x00007FF61C0CE3AB]\n\t(No symbol) [0x00007FF61C107D3E]\n\t(No symbol) [0x00007FF61C107E2C]\n\t(No symbol) [0x00007FF61C140B67]\n\t(No symbol) [0x00007FF61C12701F]\n\t(No symbol) [0x00007FF61C13EB82]\n\t(No symbol) [0x00007FF61C126DB3]\n\t(No symbol) [0x00007FF61C0FD2B1]\n\t(No symbol) [0x00007FF61C0FE494]\n\tGetHandleVerifier [0x00007FF61C52EF82+2849794]\n\tGetHandleVerifier [0x00007FF61C581D24+3189156]\n\tGetHandleVerifier [0x00007FF61C57ACAF+3160367]\n\tGetHandleVerifier [0x00007FF61C316D06+653702]\n\t(No symbol) [0x00007FF61C20A208]\n\t(No symbol) [0x00007FF61C2062C4]\n\t(No symbol) [0x00007FF61C2063F6]\n\t(No symbol) [0x00007FF61C1F67A3]\n\tBaseThreadInitThunk [0x00007FFE43FE7614+20]\n\tRtlUserThreadStart [0x00007FFE45E826B1+33]\n\n", "trace": "  File \"C:\\Users\\lmallikarjuna\\AppData\\Local\\Programs\\Python\\Python311\\Lib\\site-packages\\behave\\model.py\", line 1329, in run\n    match.run(runner.context)\n  File \"C:\\Users\\lmallikarjuna\\AppData\\Local\\Programs\\Python\\Python311\\Lib\\site-packages\\behave\\matchers.py\", line 98, in run\n    self.func(context, *args, **kwargs)\n  File \"features\\steps\\search.py\", line 8, in step_impl\n    assert context.home_page.check_homepage_display()\n           ^^^^^^^^^^^^^^^^^^^^^^^^^^^^^^^^^^^^^^^^^^\n  File \"D:\\POC-\\features\\pages\\home_page.py\", line 24, in check_homepage_display\n    return self.display(\"homepage_display_xpath\", self.homepage_display_xpath)\n           ^^^^^^^^^^^^^^^^^^^^^^^^^^^^^^^^^^^^^^^^^^^^^^^^^^^^^^^^^^^^^^^^^^^\n  File \"D:\\POC-\\features\\pages\\BasePage.py\", line 11, in display\n    element = self.get_element(locator_type, locator_value)\n              ^^^^^^^^^^^^^^^^^^^^^^^^^^^^^^^^^^^^^^^^^^^^^\n  File \"D:\\POC-\\features\\pages\\BasePage.py\", line 46, in get_element\n    element = self.driver.find_element(By.XPATH, locator_value)\n              ^^^^^^^^^^^^^^^^^^^^^^^^^^^^^^^^^^^^^^^^^^^^^^^^^\n  File \"C:\\Users\\lmallikarjuna\\AppData\\Local\\Programs\\Python\\Python311\\Lib\\site-packages\\selenium\\webdriver\\remote\\webdriver.py\", line 739, in find_element\n    return self.execute(Command.FIND_ELEMENT, {\"using\": by, \"value\": value})[\"value\"]\n           ^^^^^^^^^^^^^^^^^^^^^^^^^^^^^^^^^^^^^^^^^^^^^^^^^^^^^^^^^^^^^^^^^\n  File \"C:\\Users\\lmallikarjuna\\AppData\\Local\\Programs\\Python\\Python311\\Lib\\site-packages\\selenium\\webdriver\\remote\\webdriver.py\", line 345, in execute\n    self.error_handler.check_response(response)\n  File \"C:\\Users\\lmallikarjuna\\AppData\\Local\\Programs\\Python\\Python311\\Lib\\site-packages\\selenium\\webdriver\\remote\\errorhandler.py\", line 229, in check_response\n    raise exception_class(message, screen, stacktrace)\n"}, "attachments": [{"name": "screenshot", "source": "283f11ad-68bf-4052-8428-fcb326c012c5-attachment.png", "type": "image/png"}], "start": 1693475383704, "stop": 1693475383868}, {"name": "When I enter valid product say \"Apple iphone 14 pro max 256gb gold\" into the Search box field", "status": "skipped", "start": 1693475386874, "stop": 1693475386874}, {"name": "And I click on Search button", "status": "skipped", "start": 1693475386874, "stop": 1693475386874}, {"name": "Then Valid product should get displayed in Search results", "status": "skipped", "start": 1693475386874, "stop": 1693475386874}], "start": 1693475376311, "stop": 1693475386874, "uuid": "e895a39e-697a-4cd5-b428-51ae48b2ea20", "historyId": "e6545e1bbfc9bca72202492b8ac2eee1", "fullName": "Search functionality: Search for a valid product", "labels": [{"name": "severity", "value": "normal"}, {"name": "tag", "value": "search"}, {"name": "feature", "value": "Search functionality"}, {"name": "framework", "value": "behave"}, {"name": "language", "value": "cpython3"}]}