{"name": "Search for a valid product", "status": "broken", "statusDetails": {"message": "selenium.common.exceptions.NoSuchElementException: Message: no such element: Unable to locate element: {\"method\":\"xpath\",\"selector\":\"//a[.='Apple iPhone 14 Pro Max (256 GB) - Gold']\"}\n  (Session info: chrome=116.0.5845.111); For documentation on this error, please visit: https://www.selenium.dev/documentation/webdriver/troubleshooting/errors#no-such-element-exception\nStacktrace:\n\tGetHandleVerifier [0x00007FF7478A52A2+57122]\n\t(No symbol) [0x00007FF74781EA92]\n\t(No symbol) [0x00007FF7476EE3AB]\n\t(No symbol) [0x00007FF747727D3E]\n\t(No symbol) [0x00007FF747727E2C]\n\t(No symbol) [0x00007FF747760B67]\n\t(No symbol) [0x00007FF74774701F]\n\t(No symbol) [0x00007FF74775EB82]\n\t(No symbol) [0x00007FF747746DB3]\n\t(No symbol) [0x00007FF74771D2B1]\n\t(No symbol) [0x00007FF74771E494]\n\tGetHandleVerifier [0x00007FF747B4EF82+2849794]\n\tGetHandleVerifier [0x00007FF747BA1D24+3189156]\n\tGetHandleVerifier [0x00007FF747B9ACAF+3160367]\n\tGetHandleVerifier [0x00007FF747936D06+653702]\n\t(No symbol) [0x00007FF74782A208]\n\t(No symbol) [0x00007FF7478262C4]\n\t(No symbol) [0x00007FF7478263F6]\n\t(No symbol) [0x00007FF7478167A3]\n\tBaseThreadInitThunk [0x00007FFE43FE7614+20]\n\tRtlUserThreadStart [0x00007FFE45E826B1+33]\n\n", "trace": "  File \"C:\\Users\\lmallikarjuna\\AppData\\Local\\Programs\\Python\\Python311\\Lib\\site-packages\\behave\\model.py\", line 1329, in run\n    match.run(runner.context)\n  File \"C:\\Users\\lmallikarjuna\\AppData\\Local\\Programs\\Python\\Python311\\Lib\\site-packages\\behave\\matchers.py\", line 98, in run\n    self.func(context, *args, **kwargs)\n  File \"features\\steps\\search.py\", line 23, in step_impl\n    context.search_page.verify_search(\"Apple iPhone 14 Pro Max (256 GB) - Gold\")\n  File \"D:\\POC-\\features\\pages\\search_page.py\", line 16, in verify_search\n    return self.text_equal(\"search_xpath\", self.search_xpath, a)\n           ^^^^^^^^^^^^^^^^^^^^^^^^^^^^^^^^^^^^^^^^^^^^^^^^^^^^^\n  File \"D:\\POC-\\features\\pages\\BasePage.py\", line 23, in text_equal\n    element = self.get_element(locator_type, locator_value)\n              ^^^^^^^^^^^^^^^^^^^^^^^^^^^^^^^^^^^^^^^^^^^^^\n  File \"D:\\POC-\\features\\pages\\BasePage.py\", line 46, in get_element\n    element = self.driver.find_element(By.XPATH, locator_value)\n              ^^^^^^^^^^^^^^^^^^^^^^^^^^^^^^^^^^^^^^^^^^^^^^^^^\n  File \"C:\\Users\\lmallikarjuna\\AppData\\Local\\Programs\\Python\\Python311\\Lib\\site-packages\\selenium\\webdriver\\remote\\webdriver.py\", line 739, in find_element\n    return self.execute(Command.FIND_ELEMENT, {\"using\": by, \"value\": value})[\"value\"]\n           ^^^^^^^^^^^^^^^^^^^^^^^^^^^^^^^^^^^^^^^^^^^^^^^^^^^^^^^^^^^^^^^^^\n  File \"C:\\Users\\lmallikarjuna\\AppData\\Local\\Programs\\Python\\Python311\\Lib\\site-packages\\selenium\\webdriver\\remote\\webdriver.py\", line 345, in execute\n    self.error_handler.check_response(response)\n  File \"C:\\Users\\lmallikarjuna\\AppData\\Local\\Programs\\Python\\Python311\\Lib\\site-packages\\selenium\\webdriver\\remote\\errorhandler.py\", line 229, in check_response\n    raise exception_class(message, screen, stacktrace)\n"}, "steps": [{"name": "Given I got navigated to Home page", "status": "passed", "start": 1693391942174, "stop": 1693391942226}, {"name": "When I enter valid product say \"Apple iphone 14 pro max 256gb gold\" into the Search box field", "status": "passed", "start": 1693391942226, "stop": 1693391942567}, {"name": "And I click on Search button", "status": "passed", "start": 1693391942568, "stop": 1693391950478}, {"name": "Then Valid product should get displayed in Search results", "status": "broken", "statusDetails": {"message": "selenium.common.exceptions.NoSuchElementException: Message: no such element: Unable to locate element: {\"method\":\"xpath\",\"selector\":\"//a[.='Apple iPhone 14 Pro Max (256 GB) - Gold']\"}\n  (Session info: chrome=116.0.5845.111); For documentation on this error, please visit: https://www.selenium.dev/documentation/webdriver/troubleshooting/errors#no-such-element-exception\nStacktrace:\n\tGetHandleVerifier [0x00007FF7478A52A2+57122]\n\t(No symbol) [0x00007FF74781EA92]\n\t(No symbol) [0x00007FF7476EE3AB]\n\t(No symbol) [0x00007FF747727D3E]\n\t(No symbol) [0x00007FF747727E2C]\n\t(No symbol) [0x00007FF747760B67]\n\t(No symbol) [0x00007FF74774701F]\n\t(No symbol) [0x00007FF74775EB82]\n\t(No symbol) [0x00007FF747746DB3]\n\t(No symbol) [0x00007FF74771D2B1]\n\t(No symbol) [0x00007FF74771E494]\n\tGetHandleVerifier [0x00007FF747B4EF82+2849794]\n\tGetHandleVerifier [0x00007FF747BA1D24+3189156]\n\tGetHandleVerifier [0x00007FF747B9ACAF+3160367]\n\tGetHandleVerifier [0x00007FF747936D06+653702]\n\t(No symbol) [0x00007FF74782A208]\n\t(No symbol) [0x00007FF7478262C4]\n\t(No symbol) [0x00007FF7478263F6]\n\t(No symbol) [0x00007FF7478167A3]\n\tBaseThreadInitThunk [0x00007FFE43FE7614+20]\n\tRtlUserThreadStart [0x00007FFE45E826B1+33]\n\n", "trace": "  File \"C:\\Users\\lmallikarjuna\\AppData\\Local\\Programs\\Python\\Python311\\Lib\\site-packages\\behave\\model.py\", line 1329, in run\n    match.run(runner.context)\n  File \"C:\\Users\\lmallikarjuna\\AppData\\Local\\Programs\\Python\\Python311\\Lib\\site-packages\\behave\\matchers.py\", line 98, in run\n    self.func(context, *args, **kwargs)\n  File \"features\\steps\\search.py\", line 23, in step_impl\n    context.search_page.verify_search(\"Apple iPhone 14 Pro Max (256 GB) - Gold\")\n  File \"D:\\POC-\\features\\pages\\search_page.py\", line 16, in verify_search\n    return self.text_equal(\"search_xpath\", self.search_xpath, a)\n           ^^^^^^^^^^^^^^^^^^^^^^^^^^^^^^^^^^^^^^^^^^^^^^^^^^^^^\n  File \"D:\\POC-\\features\\pages\\BasePage.py\", line 23, in text_equal\n    element = self.get_element(locator_type, locator_value)\n              ^^^^^^^^^^^^^^^^^^^^^^^^^^^^^^^^^^^^^^^^^^^^^\n  File \"D:\\POC-\\features\\pages\\BasePage.py\", line 46, in get_element\n    element = self.driver.find_element(By.XPATH, locator_value)\n              ^^^^^^^^^^^^^^^^^^^^^^^^^^^^^^^^^^^^^^^^^^^^^^^^^\n  File \"C:\\Users\\lmallikarjuna\\AppData\\Local\\Programs\\Python\\Python311\\Lib\\site-packages\\selenium\\webdriver\\remote\\webdriver.py\", line 739, in find_element\n    return self.execute(Command.FIND_ELEMENT, {\"using\": by, \"value\": value})[\"value\"]\n           ^^^^^^^^^^^^^^^^^^^^^^^^^^^^^^^^^^^^^^^^^^^^^^^^^^^^^^^^^^^^^^^^^\n  File \"C:\\Users\\lmallikarjuna\\AppData\\Local\\Programs\\Python\\Python311\\Lib\\site-packages\\selenium\\webdriver\\remote\\webdriver.py\", line 345, in execute\n    self.error_handler.check_response(response)\n  File \"C:\\Users\\lmallikarjuna\\AppData\\Local\\Programs\\Python\\Python311\\Lib\\site-packages\\selenium\\webdriver\\remote\\errorhandler.py\", line 229, in check_response\n    raise exception_class(message, screen, stacktrace)\n"}, "attachments": [{"name": "screenshot", "source": "1b0d2af1-0c94-46c0-b114-1ae9a2edf478-attachment.png", "type": "image/png"}], "start": 1693391950479, "stop": 1693391950906}], "start": 1693391933672, "stop": 1693391955790, "uuid": "251697d3-7f44-4967-9eaa-884e49988222", "historyId": "e6545e1bbfc9bca72202492b8ac2eee1", "fullName": "Search functionality: Search for a valid product", "labels": [{"name": "severity", "value": "normal"}, {"name": "tag", "value": "search"}, {"name": "feature", "value": "Search functionality"}, {"name": "framework", "value": "behave"}, {"name": "language", "value": "cpython3"}]}