{"name": "Register with mandatory fields", "status": "broken", "statusDetails": {"message": "selenium.common.exceptions.NoSuchElementException: Message: no such element: Unable to locate element: {\"method\":\"xpath\",\"selector\":\"//span[text()='Account & Lists']/span[@class='nav-icon nav-arrow']\"}\n  (Session info: chrome=115.0.5790.171); For documentation on this error, please visit: https://www.selenium.dev/documentation/webdriver/troubleshooting/errors#no-such-element-exception\nStacktrace:\nBacktrace:\n\tGetHandleVerifier [0x00007FF70B0F4A62+57106]\n\t(No symbol) [0x00007FF70B06CF52]\n\t(No symbol) [0x00007FF70AF3E2CB]\n\t(No symbol) [0x00007FF70AF7786E]\n\t(No symbol) [0x00007FF70AF7795C]\n\t(No symbol) [0x00007FF70AFB0477]\n\t(No symbol) [0x00007FF70AF969FF]\n\t(No symbol) [0x00007FF70AFAE522]\n\t(No symbol) [0x00007FF70AF96793]\n\t(No symbol) [0x00007FF70AF6CE81]\n\t(No symbol) [0x00007FF70AF6E064]\n\tGetHandleVerifier [0x00007FF70B3A4222+2873042]\n\tGetHandleVerifier [0x00007FF70B3F6590+3209792]\n\tGetHandleVerifier [0x00007FF70B3EF3AF+3180639]\n\tGetHandleVerifier [0x00007FF70B185F25+652245]\n\t(No symbol) [0x00007FF70B078618]\n\t(No symbol) [0x00007FF70B0747C4]\n\t(No symbol) [0x00007FF70B0748BC]\n\t(No symbol) [0x00007FF70B064C33]\n\tBaseThreadInitThunk [0x00007FF965F37614+20]\n\tRtlUserThreadStart [0x00007FF967EE26B1+33]\n\n", "trace": "  File \"C:\\Users\\lmallikarjuna\\AppData\\Local\\Programs\\Python\\Python311\\Lib\\site-packages\\behave\\model.py\", line 1329, in run\n    match.run(runner.context)\n  File \"C:\\Users\\lmallikarjuna\\AppData\\Local\\Programs\\Python\\Python311\\Lib\\site-packages\\behave\\matchers.py\", line 98, in run\n    self.func(context, *args, **kwargs)\n  File \"features\\steps\\register.py\", line 28, in step_impl\n    assert context.register_page.verifying_accountCreation(\"Sign Out\")\n           ^^^^^^^^^^^^^^^^^^^^^^^^^^^^^^^^^^^^^^^^^^^^^^^^^^^^^^^^^^^\n  File \"C:\\Users\\lmallikarjuna\\PycharmProjects\\pythonProject\\POC-\\features\\pages\\register_page.py\", line 39, in verifying_accountCreation\n    self.Action_chain(\"verifying_accountCreation_xpath\", self.verifying_accountCreation_xpath)\n  File \"C:\\Users\\lmallikarjuna\\PycharmProjects\\pythonProject\\POC-\\features\\pages\\BasePage.py\", line 23, in Action_chain\n    element = self.get_element(locator_type, locator_value)\n              ^^^^^^^^^^^^^^^^^^^^^^^^^^^^^^^^^^^^^^^^^^^^^\n  File \"C:\\Users\\lmallikarjuna\\PycharmProjects\\pythonProject\\POC-\\features\\pages\\BasePage.py\", line 42, in get_element\n    element = self.driver.find_element(By.XPATH, locator_value)\n              ^^^^^^^^^^^^^^^^^^^^^^^^^^^^^^^^^^^^^^^^^^^^^^^^^\n  File \"C:\\Users\\lmallikarjuna\\AppData\\Local\\Programs\\Python\\Python311\\Lib\\site-packages\\selenium\\webdriver\\remote\\webdriver.py\", line 739, in find_element\n    return self.execute(Command.FIND_ELEMENT, {\"using\": by, \"value\": value})[\"value\"]\n           ^^^^^^^^^^^^^^^^^^^^^^^^^^^^^^^^^^^^^^^^^^^^^^^^^^^^^^^^^^^^^^^^^\n  File \"C:\\Users\\lmallikarjuna\\AppData\\Local\\Programs\\Python\\Python311\\Lib\\site-packages\\selenium\\webdriver\\remote\\webdriver.py\", line 345, in execute\n    self.error_handler.check_response(response)\n  File \"C:\\Users\\lmallikarjuna\\AppData\\Local\\Programs\\Python\\Python311\\Lib\\site-packages\\selenium\\webdriver\\remote\\errorhandler.py\", line 229, in check_response\n    raise exception_class(message, screen, stacktrace)\n"}, "steps": [{"name": "Given I navigate to Register Page", "status": "passed", "start": 1691649137511, "stop": 1691649148272}, {"name": "When I enter below details into mandatory fields", "status": "passed", "attachments": [{"name": ".table", "source": "57ff60bc-b364-45fc-ae39-39e46f5ecd0a-attachment.csv", "type": "text/csv"}], "start": 1691649148273, "stop": 1691649148798}, {"name": "And I click on Continue button", "status": "passed", "start": 1691649148798, "stop": 1691649151641}, {"name": "Then Account should get created", "status": "broken", "statusDetails": {"message": "selenium.common.exceptions.NoSuchElementException: Message: no such element: Unable to locate element: {\"method\":\"xpath\",\"selector\":\"//span[text()='Account & Lists']/span[@class='nav-icon nav-arrow']\"}\n  (Session info: chrome=115.0.5790.171); For documentation on this error, please visit: https://www.selenium.dev/documentation/webdriver/troubleshooting/errors#no-such-element-exception\nStacktrace:\nBacktrace:\n\tGetHandleVerifier [0x00007FF70B0F4A62+57106]\n\t(No symbol) [0x00007FF70B06CF52]\n\t(No symbol) [0x00007FF70AF3E2CB]\n\t(No symbol) [0x00007FF70AF7786E]\n\t(No symbol) [0x00007FF70AF7795C]\n\t(No symbol) [0x00007FF70AFB0477]\n\t(No symbol) [0x00007FF70AF969FF]\n\t(No symbol) [0x00007FF70AFAE522]\n\t(No symbol) [0x00007FF70AF96793]\n\t(No symbol) [0x00007FF70AF6CE81]\n\t(No symbol) [0x00007FF70AF6E064]\n\tGetHandleVerifier [0x00007FF70B3A4222+2873042]\n\tGetHandleVerifier [0x00007FF70B3F6590+3209792]\n\tGetHandleVerifier [0x00007FF70B3EF3AF+3180639]\n\tGetHandleVerifier [0x00007FF70B185F25+652245]\n\t(No symbol) [0x00007FF70B078618]\n\t(No symbol) [0x00007FF70B0747C4]\n\t(No symbol) [0x00007FF70B0748BC]\n\t(No symbol) [0x00007FF70B064C33]\n\tBaseThreadInitThunk [0x00007FF965F37614+20]\n\tRtlUserThreadStart [0x00007FF967EE26B1+33]\n\n", "trace": "  File \"C:\\Users\\lmallikarjuna\\AppData\\Local\\Programs\\Python\\Python311\\Lib\\site-packages\\behave\\model.py\", line 1329, in run\n    match.run(runner.context)\n  File \"C:\\Users\\lmallikarjuna\\AppData\\Local\\Programs\\Python\\Python311\\Lib\\site-packages\\behave\\matchers.py\", line 98, in run\n    self.func(context, *args, **kwargs)\n  File \"features\\steps\\register.py\", line 28, in step_impl\n    assert context.register_page.verifying_accountCreation(\"Sign Out\")\n           ^^^^^^^^^^^^^^^^^^^^^^^^^^^^^^^^^^^^^^^^^^^^^^^^^^^^^^^^^^^\n  File \"C:\\Users\\lmallikarjuna\\PycharmProjects\\pythonProject\\POC-\\features\\pages\\register_page.py\", line 39, in verifying_accountCreation\n    self.Action_chain(\"verifying_accountCreation_xpath\", self.verifying_accountCreation_xpath)\n  File \"C:\\Users\\lmallikarjuna\\PycharmProjects\\pythonProject\\POC-\\features\\pages\\BasePage.py\", line 23, in Action_chain\n    element = self.get_element(locator_type, locator_value)\n              ^^^^^^^^^^^^^^^^^^^^^^^^^^^^^^^^^^^^^^^^^^^^^\n  File \"C:\\Users\\lmallikarjuna\\PycharmProjects\\pythonProject\\POC-\\features\\pages\\BasePage.py\", line 42, in get_element\n    element = self.driver.find_element(By.XPATH, locator_value)\n              ^^^^^^^^^^^^^^^^^^^^^^^^^^^^^^^^^^^^^^^^^^^^^^^^^\n  File \"C:\\Users\\lmallikarjuna\\AppData\\Local\\Programs\\Python\\Python311\\Lib\\site-packages\\selenium\\webdriver\\remote\\webdriver.py\", line 739, in find_element\n    return self.execute(Command.FIND_ELEMENT, {\"using\": by, \"value\": value})[\"value\"]\n           ^^^^^^^^^^^^^^^^^^^^^^^^^^^^^^^^^^^^^^^^^^^^^^^^^^^^^^^^^^^^^^^^^\n  File \"C:\\Users\\lmallikarjuna\\AppData\\Local\\Programs\\Python\\Python311\\Lib\\site-packages\\selenium\\webdriver\\remote\\webdriver.py\", line 345, in execute\n    self.error_handler.check_response(response)\n  File \"C:\\Users\\lmallikarjuna\\AppData\\Local\\Programs\\Python\\Python311\\Lib\\site-packages\\selenium\\webdriver\\remote\\errorhandler.py\", line 229, in check_response\n    raise exception_class(message, screen, stacktrace)\n"}, "attachments": [{"name": "screenshot", "source": "ce5dade7-c097-4292-835e-3224a7e0fbc8-attachment.png", "type": "image/png"}], "start": 1691649151641, "stop": 1691649151868}], "start": 1691649096216, "stop": 1691649155424, "uuid": "0795a714-5ab9-495a-bcfb-f694a8b0d106", "historyId": "3e1821681d920f3f300abd92284d0a53", "fullName": "Register Account functionality: Register with mandatory fields", "labels": [{"name": "severity", "value": "normal"}, {"name": "tag", "value": "register1"}, {"name": "feature", "value": "Register Account functionality"}, {"name": "framework", "value": "behave"}, {"name": "language", "value": "cpython3"}]}