{"name": "Search for a valid product", "status": "broken", "statusDetails": {"message": "selenium.common.exceptions.NoSuchElementException: Message: no such element: Unable to locate element: {\"method\":\"xpath\",\"selector\":\"//a[.='Apple iPhone 14 Pro Max (256 GB) - Gold']\"}\n  (Session info: chrome=115.0.5790.171); For documentation on this error, please visit: https://www.selenium.dev/documentation/webdriver/troubleshooting/errors#no-such-element-exception\nStacktrace:\nBacktrace:\n\tGetHandleVerifier [0x00007FF70B0F4A62+57106]\n\t(No symbol) [0x00007FF70B06CF52]\n\t(No symbol) [0x00007FF70AF3E2CB]\n\t(No symbol) [0x00007FF70AF7786E]\n\t(No symbol) [0x00007FF70AF7795C]\n\t(No symbol) [0x00007FF70AFB0477]\n\t(No symbol) [0x00007FF70AF969FF]\n\t(No symbol) [0x00007FF70AFAE522]\n\t(No symbol) [0x00007FF70AF96793]\n\t(No symbol) [0x00007FF70AF6CE81]\n\t(No symbol) [0x00007FF70AF6E064]\n\tGetHandleVerifier [0x00007FF70B3A4222+2873042]\n\tGetHandleVerifier [0x00007FF70B3F6590+3209792]\n\tGetHandleVerifier [0x00007FF70B3EF3AF+3180639]\n\tGetHandleVerifier [0x00007FF70B185F25+652245]\n\t(No symbol) [0x00007FF70B078618]\n\t(No symbol) [0x00007FF70B0747C4]\n\t(No symbol) [0x00007FF70B0748BC]\n\t(No symbol) [0x00007FF70B064C33]\n\tBaseThreadInitThunk [0x00007FF965F37614+20]\n\tRtlUserThreadStart [0x00007FF967EE26B1+33]\n\n", "trace": "  File \"C:\\Users\\lmallikarjuna\\AppData\\Local\\Programs\\Python\\Python311\\Lib\\site-packages\\behave\\model.py\", line 1329, in run\n    match.run(runner.context)\n  File \"C:\\Users\\lmallikarjuna\\AppData\\Local\\Programs\\Python\\Python311\\Lib\\site-packages\\behave\\matchers.py\", line 98, in run\n    self.func(context, *args, **kwargs)\n  File \"features\\steps\\search.py\", line 23, in step_impl\n    context.search_page.verify_search(\"Apple iPhone 14 Pro Max (256 GB) - Gold\")\n  File \"C:\\Users\\lmallikarjuna\\PycharmProjects\\pythonProject\\POC-\\features\\pages\\search_page.py\", line 16, in verify_search\n    return self.text_equal(\"search_xpath\", self.search_xpath, a)\n           ^^^^^^^^^^^^^^^^^^^^^^^^^^^^^^^^^^^^^^^^^^^^^^^^^^^^^\n  File \"C:\\Users\\lmallikarjuna\\PycharmProjects\\pythonProject\\POC-\\features\\pages\\BasePage.py\", line 19, in text_equal\n    element = self.get_element(locator_type, locator_value)\n              ^^^^^^^^^^^^^^^^^^^^^^^^^^^^^^^^^^^^^^^^^^^^^\n  File \"C:\\Users\\lmallikarjuna\\PycharmProjects\\pythonProject\\POC-\\features\\pages\\BasePage.py\", line 42, in get_element\n    element = self.driver.find_element(By.XPATH, locator_value)\n              ^^^^^^^^^^^^^^^^^^^^^^^^^^^^^^^^^^^^^^^^^^^^^^^^^\n  File \"C:\\Users\\lmallikarjuna\\AppData\\Local\\Programs\\Python\\Python311\\Lib\\site-packages\\selenium\\webdriver\\remote\\webdriver.py\", line 739, in find_element\n    return self.execute(Command.FIND_ELEMENT, {\"using\": by, \"value\": value})[\"value\"]\n           ^^^^^^^^^^^^^^^^^^^^^^^^^^^^^^^^^^^^^^^^^^^^^^^^^^^^^^^^^^^^^^^^^\n  File \"C:\\Users\\lmallikarjuna\\AppData\\Local\\Programs\\Python\\Python311\\Lib\\site-packages\\selenium\\webdriver\\remote\\webdriver.py\", line 345, in execute\n    self.error_handler.check_response(response)\n  File \"C:\\Users\\lmallikarjuna\\AppData\\Local\\Programs\\Python\\Python311\\Lib\\site-packages\\selenium\\webdriver\\remote\\errorhandler.py\", line 229, in check_response\n    raise exception_class(message, screen, stacktrace)\n"}, "steps": [{"name": "Given I got navigated to Home page", "status": "passed", "start": 1691649240048, "stop": 1691649240112}, {"name": "When I enter valid product say \"Apple iphone 14 pro max 256gb gold\" into the Search box field", "status": "passed", "start": 1691649240112, "stop": 1691649240643}, {"name": "And I click on Search button", "status": "passed", "start": 1691649240643, "stop": 1691649250138}, {"name": "Then Valid product should get displayed in Search results", "status": "broken", "statusDetails": {"message": "selenium.common.exceptions.NoSuchElementException: Message: no such element: Unable to locate element: {\"method\":\"xpath\",\"selector\":\"//a[.='Apple iPhone 14 Pro Max (256 GB) - Gold']\"}\n  (Session info: chrome=115.0.5790.171); For documentation on this error, please visit: https://www.selenium.dev/documentation/webdriver/troubleshooting/errors#no-such-element-exception\nStacktrace:\nBacktrace:\n\tGetHandleVerifier [0x00007FF70B0F4A62+57106]\n\t(No symbol) [0x00007FF70B06CF52]\n\t(No symbol) [0x00007FF70AF3E2CB]\n\t(No symbol) [0x00007FF70AF7786E]\n\t(No symbol) [0x00007FF70AF7795C]\n\t(No symbol) [0x00007FF70AFB0477]\n\t(No symbol) [0x00007FF70AF969FF]\n\t(No symbol) [0x00007FF70AFAE522]\n\t(No symbol) [0x00007FF70AF96793]\n\t(No symbol) [0x00007FF70AF6CE81]\n\t(No symbol) [0x00007FF70AF6E064]\n\tGetHandleVerifier [0x00007FF70B3A4222+2873042]\n\tGetHandleVerifier [0x00007FF70B3F6590+3209792]\n\tGetHandleVerifier [0x00007FF70B3EF3AF+3180639]\n\tGetHandleVerifier [0x00007FF70B185F25+652245]\n\t(No symbol) [0x00007FF70B078618]\n\t(No symbol) [0x00007FF70B0747C4]\n\t(No symbol) [0x00007FF70B0748BC]\n\t(No symbol) [0x00007FF70B064C33]\n\tBaseThreadInitThunk [0x00007FF965F37614+20]\n\tRtlUserThreadStart [0x00007FF967EE26B1+33]\n\n", "trace": "  File \"C:\\Users\\lmallikarjuna\\AppData\\Local\\Programs\\Python\\Python311\\Lib\\site-packages\\behave\\model.py\", line 1329, in run\n    match.run(runner.context)\n  File \"C:\\Users\\lmallikarjuna\\AppData\\Local\\Programs\\Python\\Python311\\Lib\\site-packages\\behave\\matchers.py\", line 98, in run\n    self.func(context, *args, **kwargs)\n  File \"features\\steps\\search.py\", line 23, in step_impl\n    context.search_page.verify_search(\"Apple iPhone 14 Pro Max (256 GB) - Gold\")\n  File \"C:\\Users\\lmallikarjuna\\PycharmProjects\\pythonProject\\POC-\\features\\pages\\search_page.py\", line 16, in verify_search\n    return self.text_equal(\"search_xpath\", self.search_xpath, a)\n           ^^^^^^^^^^^^^^^^^^^^^^^^^^^^^^^^^^^^^^^^^^^^^^^^^^^^^\n  File \"C:\\Users\\lmallikarjuna\\PycharmProjects\\pythonProject\\POC-\\features\\pages\\BasePage.py\", line 19, in text_equal\n    element = self.get_element(locator_type, locator_value)\n              ^^^^^^^^^^^^^^^^^^^^^^^^^^^^^^^^^^^^^^^^^^^^^\n  File \"C:\\Users\\lmallikarjuna\\PycharmProjects\\pythonProject\\POC-\\features\\pages\\BasePage.py\", line 42, in get_element\n    element = self.driver.find_element(By.XPATH, locator_value)\n              ^^^^^^^^^^^^^^^^^^^^^^^^^^^^^^^^^^^^^^^^^^^^^^^^^\n  File \"C:\\Users\\lmallikarjuna\\AppData\\Local\\Programs\\Python\\Python311\\Lib\\site-packages\\selenium\\webdriver\\remote\\webdriver.py\", line 739, in find_element\n    return self.execute(Command.FIND_ELEMENT, {\"using\": by, \"value\": value})[\"value\"]\n           ^^^^^^^^^^^^^^^^^^^^^^^^^^^^^^^^^^^^^^^^^^^^^^^^^^^^^^^^^^^^^^^^^\n  File \"C:\\Users\\lmallikarjuna\\AppData\\Local\\Programs\\Python\\Python311\\Lib\\site-packages\\selenium\\webdriver\\remote\\webdriver.py\", line 345, in execute\n    self.error_handler.check_response(response)\n  File \"C:\\Users\\lmallikarjuna\\AppData\\Local\\Programs\\Python\\Python311\\Lib\\site-packages\\selenium\\webdriver\\remote\\errorhandler.py\", line 229, in check_response\n    raise exception_class(message, screen, stacktrace)\n"}, "attachments": [{"name": "screenshot", "source": "c08749a8-f590-4632-9f5b-821881c91b5f-attachment.png", "type": "image/png"}], "start": 1691649250138, "stop": 1691649250469}], "start": 1691649215122, "stop": 1691649253874, "uuid": "ae22cb01-6a0a-482a-9720-12dc9b287d5f", "historyId": "e6545e1bbfc9bca72202492b8ac2eee1", "fullName": "Search functionality: Search for a valid product", "labels": [{"name": "severity", "value": "normal"}, {"name": "tag", "value": "search"}, {"name": "feature", "value": "Search functionality"}, {"name": "framework", "value": "behave"}, {"name": "language", "value": "cpython3"}]}